2023-04-25 10:05:17.259  WARN 7788 --- [background-preinit] o.s.h.c.j.Jackson2ObjectMapperBuilder    : For Jackson Kotlin classes support please add "com.fasterxml.jackson.module:jackson-module-kotlin" to the classpath
2023-04-25 10:05:17.760  INFO 7788 --- [main] .s.d.r.c.RepositoryConfigurationDelegate : Multiple Spring Data modules found, entering strict repository configuration mode!
2023-04-25 10:05:17.762  INFO 7788 --- [main] .s.d.r.c.RepositoryConfigurationDelegate : Bootstrapping Spring Data Redis repositories in DEFAULT mode.
2023-04-25 10:05:17.791  INFO 7788 --- [main] .s.d.r.c.RepositoryConfigurationDelegate : Finished Spring Data repository scanning in 17ms. Found 0 Redis repository interfaces.
2023-04-25 10:05:18.188  INFO 7788 --- [main] o.s.b.w.embedded.tomcat.TomcatWebServer  : Tomcat initialized with port(s): 8088 (http)
2023-04-25 10:05:18.196  INFO 7788 --- [main] o.apache.catalina.core.StandardService   : Starting service [Tomcat]
2023-04-25 10:05:18.196  INFO 7788 --- [main] org.apache.catalina.core.StandardEngine  : Starting Servlet engine: [Apache Tomcat/9.0.31]
2023-04-25 10:05:18.296  INFO 7788 --- [main] o.a.c.c.C.[Tomcat].[localhost].[/]       : Initializing Spring embedded WebApplicationContext
2023-04-25 10:05:18.296  INFO 7788 --- [main] o.s.web.context.ContextLoader            : Root WebApplicationContext: initialization completed in 1071 ms
2023-04-25 10:05:18.604  INFO 7788 --- [main] c.a.d.s.b.a.DruidDataSourceAutoConfigure : Init DruidDataSource
2023-04-25 10:05:19.347  INFO 7788 --- [main] com.alibaba.druid.pool.DruidDataSource   : {dataSource-1} inited
2023-04-25 10:05:20.671  INFO 7788 --- [main] org.quartz.impl.StdSchedulerFactory      : Using default implementation for ThreadExecutor
2023-04-25 10:05:20.680  INFO 7788 --- [main] org.quartz.core.SchedulerSignalerImpl    : Initialized Scheduler Signaller of type: class org.quartz.core.SchedulerSignalerImpl
2023-04-25 10:05:20.680  INFO 7788 --- [main] org.quartz.core.QuartzScheduler          : Quartz Scheduler v.2.3.2 created.
2023-04-25 10:05:20.680  INFO 7788 --- [main] org.quartz.simpl.RAMJobStore             : RAMJobStore initialized.
2023-04-25 10:05:20.681  INFO 7788 --- [main] org.quartz.core.QuartzScheduler          : Scheduler meta-data: Quartz Scheduler (v2.3.2) 'quartzScheduler' with instanceId 'NON_CLUSTERED'
  Scheduler class: 'org.quartz.core.QuartzScheduler' - running locally.
  NOT STARTED.
  Currently in standby mode.
  Number of jobs executed: 0
  Using thread pool 'org.quartz.simpl.SimpleThreadPool' - with 10 threads.
  Using job-store 'org.quartz.simpl.RAMJobStore' - which does not support persistence. and is not clustered.

2023-04-25 10:05:20.681  INFO 7788 --- [main] org.quartz.impl.StdSchedulerFactory      : Quartz scheduler 'quartzScheduler' initialized from an externally provided properties instance.
2023-04-25 10:05:20.681  INFO 7788 --- [main] org.quartz.impl.StdSchedulerFactory      : Quartz scheduler version: 2.3.2
2023-04-25 10:05:20.681  INFO 7788 --- [main] org.quartz.core.QuartzScheduler          : JobFactory set to: org.springframework.scheduling.quartz.SpringBeanJobFactory@11826398
2023-04-25 10:05:20.754  INFO 7788 --- [main] io.lettuce.core.EpollProvider            : Starting without optional epoll library
2023-04-25 10:05:20.755  INFO 7788 --- [main] io.lettuce.core.KqueueProvider           : Starting without optional kqueue library
2023-04-25 10:05:21.119  INFO 7788 --- [main] o.s.a.r.c.CachingConnectionFactory       : Attempting to connect to: [192.168.10.132:5672]
2023-04-25 10:05:21.169  INFO 7788 --- [main] o.s.a.r.c.CachingConnectionFactory       : Created new connection: rabbitConnectionFactory#2b4d4327:0/SimpleConnection@39ace1a7 [delegate=amqp://root@192.168.10.132:5672/, localPort= 8434]
2023-04-25 10:05:21.214  INFO 7788 --- [main] o.s.s.quartz.SchedulerFactoryBean        : Starting Quartz Scheduler now
2023-04-25 10:05:21.214  INFO 7788 --- [main] org.quartz.core.QuartzScheduler          : Scheduler quartzScheduler_$_NON_CLUSTERED started.
2023-04-25 10:05:21.747  INFO 7788 --- [main] s.a.ScheduledAnnotationBeanPostProcessor : No TaskScheduler/ScheduledExecutorService bean found for scheduled processing
2023-04-25 10:05:21.760  INFO 7788 --- [main] o.s.b.w.embedded.tomcat.TomcatWebServer  : Tomcat started on port(s): 8088 (http) with context path ''
2023-04-25 10:08:43.034  INFO 7788 --- [http-nio-8088-exec-1] o.a.c.c.C.[Tomcat].[localhost].[/]       : Initializing Spring DispatcherServlet 'dispatcherServlet'
2023-04-25 10:08:43.034  INFO 7788 --- [http-nio-8088-exec-1] o.s.web.servlet.DispatcherServlet        : Initializing Servlet 'dispatcherServlet'
2023-04-25 10:08:43.039  INFO 7788 --- [http-nio-8088-exec-1] o.s.web.servlet.DispatcherServlet        : Completed initialization in 4 ms
2023-04-25 10:20:12.457  WARN 1468 --- [background-preinit] o.s.h.c.j.Jackson2ObjectMapperBuilder    : For Jackson Kotlin classes support please add "com.fasterxml.jackson.module:jackson-module-kotlin" to the classpath
2023-04-25 10:20:12.803  INFO 1468 --- [main] .s.d.r.c.RepositoryConfigurationDelegate : Multiple Spring Data modules found, entering strict repository configuration mode!
2023-04-25 10:20:12.804  INFO 1468 --- [main] .s.d.r.c.RepositoryConfigurationDelegate : Bootstrapping Spring Data Redis repositories in DEFAULT mode.
2023-04-25 10:20:12.826  INFO 1468 --- [main] .s.d.r.c.RepositoryConfigurationDelegate : Finished Spring Data repository scanning in 14ms. Found 0 Redis repository interfaces.
2023-04-25 10:20:13.113  INFO 1468 --- [main] o.s.b.w.embedded.tomcat.TomcatWebServer  : Tomcat initialized with port(s): 8088 (http)
2023-04-25 10:20:13.118  INFO 1468 --- [main] o.apache.catalina.core.StandardService   : Starting service [Tomcat]
2023-04-25 10:20:13.118  INFO 1468 --- [main] org.apache.catalina.core.StandardEngine  : Starting Servlet engine: [Apache Tomcat/9.0.31]
2023-04-25 10:20:13.186  INFO 1468 --- [main] o.a.c.c.C.[Tomcat].[localhost].[/]       : Initializing Spring embedded WebApplicationContext
2023-04-25 10:20:13.186  INFO 1468 --- [main] o.s.web.context.ContextLoader            : Root WebApplicationContext: initialization completed in 752 ms
2023-04-25 10:20:13.433  INFO 1468 --- [main] c.a.d.s.b.a.DruidDataSourceAutoConfigure : Init DruidDataSource
2023-04-25 10:20:13.792  INFO 1468 --- [main] com.alibaba.druid.pool.DruidDataSource   : {dataSource-1} inited
2023-04-25 10:20:14.668  INFO 1468 --- [main] org.quartz.impl.StdSchedulerFactory      : Using default implementation for ThreadExecutor
2023-04-25 10:20:14.672  INFO 1468 --- [main] org.quartz.core.SchedulerSignalerImpl    : Initialized Scheduler Signaller of type: class org.quartz.core.SchedulerSignalerImpl
2023-04-25 10:20:14.673  INFO 1468 --- [main] org.quartz.core.QuartzScheduler          : Quartz Scheduler v.2.3.2 created.
2023-04-25 10:20:14.673  INFO 1468 --- [main] org.quartz.simpl.RAMJobStore             : RAMJobStore initialized.
2023-04-25 10:20:14.673  INFO 1468 --- [main] org.quartz.core.QuartzScheduler          : Scheduler meta-data: Quartz Scheduler (v2.3.2) 'quartzScheduler' with instanceId 'NON_CLUSTERED'
  Scheduler class: 'org.quartz.core.QuartzScheduler' - running locally.
  NOT STARTED.
  Currently in standby mode.
  Number of jobs executed: 0
  Using thread pool 'org.quartz.simpl.SimpleThreadPool' - with 10 threads.
  Using job-store 'org.quartz.simpl.RAMJobStore' - which does not support persistence. and is not clustered.

2023-04-25 10:20:14.674  INFO 1468 --- [main] org.quartz.impl.StdSchedulerFactory      : Quartz scheduler 'quartzScheduler' initialized from an externally provided properties instance.
2023-04-25 10:20:14.674  INFO 1468 --- [main] org.quartz.impl.StdSchedulerFactory      : Quartz scheduler version: 2.3.2
2023-04-25 10:20:14.674  INFO 1468 --- [main] org.quartz.core.QuartzScheduler          : JobFactory set to: org.springframework.scheduling.quartz.SpringBeanJobFactory@2b441e56
2023-04-25 10:20:14.720  INFO 1468 --- [main] io.lettuce.core.EpollProvider            : Starting without optional epoll library
2023-04-25 10:20:14.721  INFO 1468 --- [main] io.lettuce.core.KqueueProvider           : Starting without optional kqueue library
2023-04-25 10:20:15.085  INFO 1468 --- [main] o.s.a.r.c.CachingConnectionFactory       : Attempting to connect to: [192.168.10.132:5672]
2023-04-25 10:20:15.105  INFO 1468 --- [main] o.s.a.r.c.CachingConnectionFactory       : Created new connection: rabbitConnectionFactory#6d229b1c:0/SimpleConnection@6a6d1ff3 [delegate=amqp://root@192.168.10.132:5672/, localPort= 9555]
2023-04-25 10:20:15.137  INFO 1468 --- [main] o.s.s.quartz.SchedulerFactoryBean        : Starting Quartz Scheduler now
2023-04-25 10:20:15.137  INFO 1468 --- [main] org.quartz.core.QuartzScheduler          : Scheduler quartzScheduler_$_NON_CLUSTERED started.
2023-04-25 10:20:15.678  INFO 1468 --- [main] s.a.ScheduledAnnotationBeanPostProcessor : No TaskScheduler/ScheduledExecutorService bean found for scheduled processing
2023-04-25 10:20:15.694  INFO 1468 --- [main] o.s.b.w.embedded.tomcat.TomcatWebServer  : Tomcat started on port(s): 8088 (http) with context path ''
2023-04-25 10:20:43.972  INFO 1468 --- [http-nio-8088-exec-1] o.a.c.c.C.[Tomcat].[localhost].[/]       : Initializing Spring DispatcherServlet 'dispatcherServlet'
2023-04-25 10:20:43.973  INFO 1468 --- [http-nio-8088-exec-1] o.s.web.servlet.DispatcherServlet        : Initializing Servlet 'dispatcherServlet'
2023-04-25 10:20:43.977  INFO 1468 --- [http-nio-8088-exec-1] o.s.web.servlet.DispatcherServlet        : Completed initialization in 4 ms
2023-04-25 10:24:05.070  WARN 16664 --- [background-preinit] o.s.h.c.j.Jackson2ObjectMapperBuilder    : For Jackson Kotlin classes support please add "com.fasterxml.jackson.module:jackson-module-kotlin" to the classpath
2023-04-25 10:24:05.431  INFO 16664 --- [main] .s.d.r.c.RepositoryConfigurationDelegate : Multiple Spring Data modules found, entering strict repository configuration mode!
2023-04-25 10:24:05.432  INFO 16664 --- [main] .s.d.r.c.RepositoryConfigurationDelegate : Bootstrapping Spring Data Redis repositories in DEFAULT mode.
2023-04-25 10:24:05.453  INFO 16664 --- [main] .s.d.r.c.RepositoryConfigurationDelegate : Finished Spring Data repository scanning in 14ms. Found 0 Redis repository interfaces.
2023-04-25 10:24:05.808  INFO 16664 --- [main] o.s.b.w.embedded.tomcat.TomcatWebServer  : Tomcat initialized with port(s): 8088 (http)
2023-04-25 10:24:05.813  INFO 16664 --- [main] o.apache.catalina.core.StandardService   : Starting service [Tomcat]
2023-04-25 10:24:05.813  INFO 16664 --- [main] org.apache.catalina.core.StandardEngine  : Starting Servlet engine: [Apache Tomcat/9.0.31]
2023-04-25 10:24:05.876  INFO 16664 --- [main] o.a.c.c.C.[Tomcat].[localhost].[/]       : Initializing Spring embedded WebApplicationContext
2023-04-25 10:24:05.876  INFO 16664 --- [main] o.s.web.context.ContextLoader            : Root WebApplicationContext: initialization completed in 830 ms
2023-04-25 10:24:06.128  INFO 16664 --- [main] c.a.d.s.b.a.DruidDataSourceAutoConfigure : Init DruidDataSource
2023-04-25 10:24:06.490  INFO 16664 --- [main] com.alibaba.druid.pool.DruidDataSource   : {dataSource-1} inited
2023-04-25 10:24:07.520  INFO 16664 --- [main] org.quartz.impl.StdSchedulerFactory      : Using default implementation for ThreadExecutor
2023-04-25 10:24:07.526  INFO 16664 --- [main] org.quartz.core.SchedulerSignalerImpl    : Initialized Scheduler Signaller of type: class org.quartz.core.SchedulerSignalerImpl
2023-04-25 10:24:07.526  INFO 16664 --- [main] org.quartz.core.QuartzScheduler          : Quartz Scheduler v.2.3.2 created.
2023-04-25 10:24:07.526  INFO 16664 --- [main] org.quartz.simpl.RAMJobStore             : RAMJobStore initialized.
2023-04-25 10:24:07.527  INFO 16664 --- [main] org.quartz.core.QuartzScheduler          : Scheduler meta-data: Quartz Scheduler (v2.3.2) 'quartzScheduler' with instanceId 'NON_CLUSTERED'
  Scheduler class: 'org.quartz.core.QuartzScheduler' - running locally.
  NOT STARTED.
  Currently in standby mode.
  Number of jobs executed: 0
  Using thread pool 'org.quartz.simpl.SimpleThreadPool' - with 10 threads.
  Using job-store 'org.quartz.simpl.RAMJobStore' - which does not support persistence. and is not clustered.

2023-04-25 10:24:07.527  INFO 16664 --- [main] org.quartz.impl.StdSchedulerFactory      : Quartz scheduler 'quartzScheduler' initialized from an externally provided properties instance.
2023-04-25 10:24:07.527  INFO 16664 --- [main] org.quartz.impl.StdSchedulerFactory      : Quartz scheduler version: 2.3.2
2023-04-25 10:24:07.527  INFO 16664 --- [main] org.quartz.core.QuartzScheduler          : JobFactory set to: org.springframework.scheduling.quartz.SpringBeanJobFactory@50c2ef56
2023-04-25 10:24:07.581  INFO 16664 --- [main] io.lettuce.core.EpollProvider            : Starting without optional epoll library
2023-04-25 10:24:07.582  INFO 16664 --- [main] io.lettuce.core.KqueueProvider           : Starting without optional kqueue library
2023-04-25 10:24:07.978  INFO 16664 --- [main] o.s.a.r.c.CachingConnectionFactory       : Attempting to connect to: [192.168.10.132:5672]
2023-04-25 10:24:07.999  INFO 16664 --- [main] o.s.a.r.c.CachingConnectionFactory       : Created new connection: rabbitConnectionFactory#1850f2da:0/SimpleConnection@6d946eee [delegate=amqp://root@192.168.10.132:5672/, localPort= 10043]
2023-04-25 10:24:08.031  INFO 16664 --- [main] o.s.s.quartz.SchedulerFactoryBean        : Starting Quartz Scheduler now
2023-04-25 10:24:08.032  INFO 16664 --- [main] org.quartz.core.QuartzScheduler          : Scheduler quartzScheduler_$_NON_CLUSTERED started.
2023-04-25 10:24:08.571  INFO 16664 --- [main] s.a.ScheduledAnnotationBeanPostProcessor : No TaskScheduler/ScheduledExecutorService bean found for scheduled processing
2023-04-25 10:24:08.583  INFO 16664 --- [main] o.s.b.w.embedded.tomcat.TomcatWebServer  : Tomcat started on port(s): 8088 (http) with context path ''
2023-04-25 10:24:16.786  INFO 16664 --- [http-nio-8088-exec-1] o.a.c.c.C.[Tomcat].[localhost].[/]       : Initializing Spring DispatcherServlet 'dispatcherServlet'
2023-04-25 10:24:16.787  INFO 16664 --- [http-nio-8088-exec-1] o.s.web.servlet.DispatcherServlet        : Initializing Servlet 'dispatcherServlet'
2023-04-25 10:24:16.792  INFO 16664 --- [http-nio-8088-exec-1] o.s.web.servlet.DispatcherServlet        : Completed initialization in 5 ms
2023-04-25 10:27:25.164  INFO 16664 --- [SpringContextShutdownHook] o.s.a.r.l.SimpleMessageListenerContainer : Waiting for workers to finish.
2023-04-25 10:27:25.370  INFO 16664 --- [SpringContextShutdownHook] o.s.a.r.l.SimpleMessageListenerContainer : Successfully waited for workers to finish.
2023-04-25 10:27:25.372  INFO 16664 --- [SpringContextShutdownHook] o.s.a.r.l.SimpleMessageListenerContainer : Waiting for workers to finish.
2023-04-25 10:27:26.056  INFO 16664 --- [SpringContextShutdownHook] o.s.a.r.l.SimpleMessageListenerContainer : Successfully waited for workers to finish.
2023-04-25 10:27:26.057  INFO 16664 --- [SpringContextShutdownHook] org.quartz.core.QuartzScheduler          : Scheduler quartzScheduler_$_NON_CLUSTERED paused.
2023-04-25 10:27:26.074  INFO 16664 --- [SpringContextShutdownHook] o.s.s.quartz.SchedulerFactoryBean        : Shutting down Quartz Scheduler
2023-04-25 10:27:26.075  INFO 16664 --- [SpringContextShutdownHook] org.quartz.core.QuartzScheduler          : Scheduler quartzScheduler_$_NON_CLUSTERED shutting down.
2023-04-25 10:27:26.075  INFO 16664 --- [SpringContextShutdownHook] org.quartz.core.QuartzScheduler          : Scheduler quartzScheduler_$_NON_CLUSTERED paused.
2023-04-25 10:27:26.075  INFO 16664 --- [SpringContextShutdownHook] org.quartz.core.QuartzScheduler          : Scheduler quartzScheduler_$_NON_CLUSTERED shutdown complete.
2023-04-25 10:27:26.077  INFO 16664 --- [SpringContextShutdownHook] o.s.a.r.l.SimpleMessageListenerContainer : Shutdown ignored - container is not active already
2023-04-25 10:27:26.077  INFO 16664 --- [SpringContextShutdownHook] o.s.a.r.l.SimpleMessageListenerContainer : Shutdown ignored - container is not active already
2023-04-25 10:27:26.086  INFO 16664 --- [SpringContextShutdownHook] com.alibaba.druid.pool.DruidDataSource   : {dataSource-1} closing ...
2023-04-25 10:27:26.089  INFO 16664 --- [SpringContextShutdownHook] com.alibaba.druid.pool.DruidDataSource   : {dataSource-1} closed
2023-04-25 10:27:31.126  WARN 13436 --- [background-preinit] o.s.h.c.j.Jackson2ObjectMapperBuilder    : For Jackson Kotlin classes support please add "com.fasterxml.jackson.module:jackson-module-kotlin" to the classpath
2023-04-25 10:27:31.467  INFO 13436 --- [main] .s.d.r.c.RepositoryConfigurationDelegate : Multiple Spring Data modules found, entering strict repository configuration mode!
2023-04-25 10:27:31.468  INFO 13436 --- [main] .s.d.r.c.RepositoryConfigurationDelegate : Bootstrapping Spring Data Redis repositories in DEFAULT mode.
2023-04-25 10:27:31.491  INFO 13436 --- [main] .s.d.r.c.RepositoryConfigurationDelegate : Finished Spring Data repository scanning in 14ms. Found 0 Redis repository interfaces.
2023-04-25 10:27:31.775  INFO 13436 --- [main] o.s.b.w.embedded.tomcat.TomcatWebServer  : Tomcat initialized with port(s): 8088 (http)
2023-04-25 10:27:31.779  INFO 13436 --- [main] o.apache.catalina.core.StandardService   : Starting service [Tomcat]
2023-04-25 10:27:31.780  INFO 13436 --- [main] org.apache.catalina.core.StandardEngine  : Starting Servlet engine: [Apache Tomcat/9.0.31]
2023-04-25 10:27:31.845  INFO 13436 --- [main] o.a.c.c.C.[Tomcat].[localhost].[/]       : Initializing Spring embedded WebApplicationContext
2023-04-25 10:27:31.845  INFO 13436 --- [main] o.s.web.context.ContextLoader            : Root WebApplicationContext: initialization completed in 722 ms
2023-04-25 10:27:32.088  INFO 13436 --- [main] c.a.d.s.b.a.DruidDataSourceAutoConfigure : Init DruidDataSource
2023-04-25 10:27:32.419  INFO 13436 --- [main] com.alibaba.druid.pool.DruidDataSource   : {dataSource-1} inited
2023-04-25 10:27:33.302  INFO 13436 --- [main] org.quartz.impl.StdSchedulerFactory      : Using default implementation for ThreadExecutor
2023-04-25 10:27:33.307  INFO 13436 --- [main] org.quartz.core.SchedulerSignalerImpl    : Initialized Scheduler Signaller of type: class org.quartz.core.SchedulerSignalerImpl
2023-04-25 10:27:33.307  INFO 13436 --- [main] org.quartz.core.QuartzScheduler          : Quartz Scheduler v.2.3.2 created.
2023-04-25 10:27:33.307  INFO 13436 --- [main] org.quartz.simpl.RAMJobStore             : RAMJobStore initialized.
2023-04-25 10:27:33.308  INFO 13436 --- [main] org.quartz.core.QuartzScheduler          : Scheduler meta-data: Quartz Scheduler (v2.3.2) 'quartzScheduler' with instanceId 'NON_CLUSTERED'
  Scheduler class: 'org.quartz.core.QuartzScheduler' - running locally.
  NOT STARTED.
  Currently in standby mode.
  Number of jobs executed: 0
  Using thread pool 'org.quartz.simpl.SimpleThreadPool' - with 10 threads.
  Using job-store 'org.quartz.simpl.RAMJobStore' - which does not support persistence. and is not clustered.

2023-04-25 10:27:33.308  INFO 13436 --- [main] org.quartz.impl.StdSchedulerFactory      : Quartz scheduler 'quartzScheduler' initialized from an externally provided properties instance.
2023-04-25 10:27:33.308  INFO 13436 --- [main] org.quartz.impl.StdSchedulerFactory      : Quartz scheduler version: 2.3.2
2023-04-25 10:27:33.308  INFO 13436 --- [main] org.quartz.core.QuartzScheduler          : JobFactory set to: org.springframework.scheduling.quartz.SpringBeanJobFactory@17fbfb02
2023-04-25 10:27:33.352  INFO 13436 --- [main] io.lettuce.core.EpollProvider            : Starting without optional epoll library
2023-04-25 10:27:33.353  INFO 13436 --- [main] io.lettuce.core.KqueueProvider           : Starting without optional kqueue library
2023-04-25 10:27:33.705  INFO 13436 --- [main] o.s.a.r.c.CachingConnectionFactory       : Attempting to connect to: [192.168.10.132:5672]
2023-04-25 10:27:33.721  INFO 13436 --- [main] o.s.a.r.c.CachingConnectionFactory       : Created new connection: rabbitConnectionFactory#4fb56bea:0/SimpleConnection@1a17dd6f [delegate=amqp://root@192.168.10.132:5672/, localPort= 10472]
2023-04-25 10:27:33.752  INFO 13436 --- [main] o.s.s.quartz.SchedulerFactoryBean        : Starting Quartz Scheduler now
2023-04-25 10:27:33.752  INFO 13436 --- [main] org.quartz.core.QuartzScheduler          : Scheduler quartzScheduler_$_NON_CLUSTERED started.
2023-04-25 10:27:34.287  INFO 13436 --- [main] s.a.ScheduledAnnotationBeanPostProcessor : No TaskScheduler/ScheduledExecutorService bean found for scheduled processing
2023-04-25 10:27:34.301  INFO 13436 --- [main] o.s.b.w.embedded.tomcat.TomcatWebServer  : Tomcat started on port(s): 8088 (http) with context path ''
2023-04-25 10:28:21.626  INFO 13436 --- [http-nio-8088-exec-2] o.a.c.c.C.[Tomcat].[localhost].[/]       : Initializing Spring DispatcherServlet 'dispatcherServlet'
2023-04-25 10:28:21.626  INFO 13436 --- [http-nio-8088-exec-2] o.s.web.servlet.DispatcherServlet        : Initializing Servlet 'dispatcherServlet'
2023-04-25 10:28:21.631  INFO 13436 --- [http-nio-8088-exec-2] o.s.web.servlet.DispatcherServlet        : Completed initialization in 5 ms
2023-04-25 10:44:18.098  WARN 10780 --- [background-preinit] o.s.h.c.j.Jackson2ObjectMapperBuilder    : For Jackson Kotlin classes support please add "com.fasterxml.jackson.module:jackson-module-kotlin" to the classpath
2023-04-25 10:44:18.421  INFO 10780 --- [main] .s.d.r.c.RepositoryConfigurationDelegate : Multiple Spring Data modules found, entering strict repository configuration mode!
2023-04-25 10:44:18.422  INFO 10780 --- [main] .s.d.r.c.RepositoryConfigurationDelegate : Bootstrapping Spring Data Redis repositories in DEFAULT mode.
2023-04-25 10:44:18.442  INFO 10780 --- [main] .s.d.r.c.RepositoryConfigurationDelegate : Finished Spring Data repository scanning in 13ms. Found 0 Redis repository interfaces.
2023-04-25 10:44:18.739  INFO 10780 --- [main] o.s.b.w.embedded.tomcat.TomcatWebServer  : Tomcat initialized with port(s): 8088 (http)
2023-04-25 10:44:18.744  INFO 10780 --- [main] o.apache.catalina.core.StandardService   : Starting service [Tomcat]
2023-04-25 10:44:18.744  INFO 10780 --- [main] org.apache.catalina.core.StandardEngine  : Starting Servlet engine: [Apache Tomcat/9.0.31]
2023-04-25 10:44:18.808  INFO 10780 --- [main] o.a.c.c.C.[Tomcat].[localhost].[/]       : Initializing Spring embedded WebApplicationContext
2023-04-25 10:44:18.808  INFO 10780 --- [main] o.s.web.context.ContextLoader            : Root WebApplicationContext: initialization completed in 734 ms
2023-04-25 10:44:19.058  INFO 10780 --- [main] c.a.d.s.b.a.DruidDataSourceAutoConfigure : Init DruidDataSource
2023-04-25 10:44:19.423  INFO 10780 --- [main] com.alibaba.druid.pool.DruidDataSource   : {dataSource-1} inited
2023-04-25 10:44:20.313  INFO 10780 --- [main] org.quartz.impl.StdSchedulerFactory      : Using default implementation for ThreadExecutor
2023-04-25 10:44:20.317  INFO 10780 --- [main] org.quartz.core.SchedulerSignalerImpl    : Initialized Scheduler Signaller of type: class org.quartz.core.SchedulerSignalerImpl
2023-04-25 10:44:20.318  INFO 10780 --- [main] org.quartz.core.QuartzScheduler          : Quartz Scheduler v.2.3.2 created.
2023-04-25 10:44:20.318  INFO 10780 --- [main] org.quartz.simpl.RAMJobStore             : RAMJobStore initialized.
2023-04-25 10:44:20.318  INFO 10780 --- [main] org.quartz.core.QuartzScheduler          : Scheduler meta-data: Quartz Scheduler (v2.3.2) 'quartzScheduler' with instanceId 'NON_CLUSTERED'
  Scheduler class: 'org.quartz.core.QuartzScheduler' - running locally.
  NOT STARTED.
  Currently in standby mode.
  Number of jobs executed: 0
  Using thread pool 'org.quartz.simpl.SimpleThreadPool' - with 10 threads.
  Using job-store 'org.quartz.simpl.RAMJobStore' - which does not support persistence. and is not clustered.

2023-04-25 10:44:20.318  INFO 10780 --- [main] org.quartz.impl.StdSchedulerFactory      : Quartz scheduler 'quartzScheduler' initialized from an externally provided properties instance.
2023-04-25 10:44:20.318  INFO 10780 --- [main] org.quartz.impl.StdSchedulerFactory      : Quartz scheduler version: 2.3.2
2023-04-25 10:44:20.318  INFO 10780 --- [main] org.quartz.core.QuartzScheduler          : JobFactory set to: org.springframework.scheduling.quartz.SpringBeanJobFactory@2e362407
2023-04-25 10:44:20.364  INFO 10780 --- [main] io.lettuce.core.EpollProvider            : Starting without optional epoll library
2023-04-25 10:44:20.365  INFO 10780 --- [main] io.lettuce.core.KqueueProvider           : Starting without optional kqueue library
2023-04-25 10:44:20.727  INFO 10780 --- [main] o.s.a.r.c.CachingConnectionFactory       : Attempting to connect to: [192.168.10.132:5672]
2023-04-25 10:44:20.746  INFO 10780 --- [main] o.s.a.r.c.CachingConnectionFactory       : Created new connection: rabbitConnectionFactory#6c8f60f3:0/SimpleConnection@322b09da [delegate=amqp://root@192.168.10.132:5672/, localPort= 11968]
2023-04-25 10:44:20.775  INFO 10780 --- [main] o.s.s.quartz.SchedulerFactoryBean        : Starting Quartz Scheduler now
2023-04-25 10:44:20.775  INFO 10780 --- [main] org.quartz.core.QuartzScheduler          : Scheduler quartzScheduler_$_NON_CLUSTERED started.
2023-04-25 10:44:21.314  INFO 10780 --- [main] s.a.ScheduledAnnotationBeanPostProcessor : No TaskScheduler/ScheduledExecutorService bean found for scheduled processing
2023-04-25 10:44:21.325  INFO 10780 --- [main] o.s.b.w.embedded.tomcat.TomcatWebServer  : Tomcat started on port(s): 8088 (http) with context path ''
2023-04-25 10:44:29.336  INFO 10780 --- [http-nio-8088-exec-1] o.a.c.c.C.[Tomcat].[localhost].[/]       : Initializing Spring DispatcherServlet 'dispatcherServlet'
2023-04-25 10:44:29.336  INFO 10780 --- [http-nio-8088-exec-1] o.s.web.servlet.DispatcherServlet        : Initializing Servlet 'dispatcherServlet'
2023-04-25 10:44:29.341  INFO 10780 --- [http-nio-8088-exec-1] o.s.web.servlet.DispatcherServlet        : Completed initialization in 4 ms
2023-04-25 10:50:06.008  WARN 12748 --- [background-preinit] o.s.h.c.j.Jackson2ObjectMapperBuilder    : For Jackson Kotlin classes support please add "com.fasterxml.jackson.module:jackson-module-kotlin" to the classpath
2023-04-25 10:50:06.373  INFO 12748 --- [main] .s.d.r.c.RepositoryConfigurationDelegate : Multiple Spring Data modules found, entering strict repository configuration mode!
2023-04-25 10:50:06.375  INFO 12748 --- [main] .s.d.r.c.RepositoryConfigurationDelegate : Bootstrapping Spring Data Redis repositories in DEFAULT mode.
2023-04-25 10:50:06.395  INFO 12748 --- [main] .s.d.r.c.RepositoryConfigurationDelegate : Finished Spring Data repository scanning in 13ms. Found 0 Redis repository interfaces.
2023-04-25 10:50:06.679  INFO 12748 --- [main] o.s.b.w.embedded.tomcat.TomcatWebServer  : Tomcat initialized with port(s): 8088 (http)
2023-04-25 10:50:06.683  INFO 12748 --- [main] o.apache.catalina.core.StandardService   : Starting service [Tomcat]
2023-04-25 10:50:06.683  INFO 12748 --- [main] org.apache.catalina.core.StandardEngine  : Starting Servlet engine: [Apache Tomcat/9.0.31]
2023-04-25 10:50:06.748  INFO 12748 --- [main] o.a.c.c.C.[Tomcat].[localhost].[/]       : Initializing Spring embedded WebApplicationContext
2023-04-25 10:50:06.748  INFO 12748 --- [main] o.s.web.context.ContextLoader            : Root WebApplicationContext: initialization completed in 765 ms
2023-04-25 10:50:06.958  INFO 12748 --- [main] c.a.d.s.b.a.DruidDataSourceAutoConfigure : Init DruidDataSource
2023-04-25 10:50:07.312  INFO 12748 --- [main] com.alibaba.druid.pool.DruidDataSource   : {dataSource-1} inited
2023-04-25 10:50:08.206  INFO 12748 --- [main] org.quartz.impl.StdSchedulerFactory      : Using default implementation for ThreadExecutor
2023-04-25 10:50:08.210  INFO 12748 --- [main] org.quartz.core.SchedulerSignalerImpl    : Initialized Scheduler Signaller of type: class org.quartz.core.SchedulerSignalerImpl
2023-04-25 10:50:08.211  INFO 12748 --- [main] org.quartz.core.QuartzScheduler          : Quartz Scheduler v.2.3.2 created.
2023-04-25 10:50:08.211  INFO 12748 --- [main] org.quartz.simpl.RAMJobStore             : RAMJobStore initialized.
2023-04-25 10:50:08.211  INFO 12748 --- [main] org.quartz.core.QuartzScheduler          : Scheduler meta-data: Quartz Scheduler (v2.3.2) 'quartzScheduler' with instanceId 'NON_CLUSTERED'
  Scheduler class: 'org.quartz.core.QuartzScheduler' - running locally.
  NOT STARTED.
  Currently in standby mode.
  Number of jobs executed: 0
  Using thread pool 'org.quartz.simpl.SimpleThreadPool' - with 10 threads.
  Using job-store 'org.quartz.simpl.RAMJobStore' - which does not support persistence. and is not clustered.

2023-04-25 10:50:08.211  INFO 12748 --- [main] org.quartz.impl.StdSchedulerFactory      : Quartz scheduler 'quartzScheduler' initialized from an externally provided properties instance.
2023-04-25 10:50:08.211  INFO 12748 --- [main] org.quartz.impl.StdSchedulerFactory      : Quartz scheduler version: 2.3.2
2023-04-25 10:50:08.212  INFO 12748 --- [main] org.quartz.core.QuartzScheduler          : JobFactory set to: org.springframework.scheduling.quartz.SpringBeanJobFactory@49b89425
2023-04-25 10:50:08.255  INFO 12748 --- [main] io.lettuce.core.EpollProvider            : Starting without optional epoll library
2023-04-25 10:50:08.256  INFO 12748 --- [main] io.lettuce.core.KqueueProvider           : Starting without optional kqueue library
2023-04-25 10:50:08.606  INFO 12748 --- [main] o.s.a.r.c.CachingConnectionFactory       : Attempting to connect to: [192.168.10.132:5672]
2023-04-25 10:50:08.624  INFO 12748 --- [main] o.s.a.r.c.CachingConnectionFactory       : Created new connection: rabbitConnectionFactory#69aa7d76:0/SimpleConnection@2ef041bb [delegate=amqp://root@192.168.10.132:5672/, localPort= 12669]
2023-04-25 10:50:08.655  INFO 12748 --- [main] o.s.s.quartz.SchedulerFactoryBean        : Starting Quartz Scheduler now
2023-04-25 10:50:08.655  INFO 12748 --- [main] org.quartz.core.QuartzScheduler          : Scheduler quartzScheduler_$_NON_CLUSTERED started.
2023-04-25 10:50:09.191  INFO 12748 --- [main] s.a.ScheduledAnnotationBeanPostProcessor : No TaskScheduler/ScheduledExecutorService bean found for scheduled processing
2023-04-25 10:50:09.205  INFO 12748 --- [main] o.s.b.w.embedded.tomcat.TomcatWebServer  : Tomcat started on port(s): 8088 (http) with context path ''
2023-04-25 10:50:19.120  INFO 12748 --- [http-nio-8088-exec-1] o.a.c.c.C.[Tomcat].[localhost].[/]       : Initializing Spring DispatcherServlet 'dispatcherServlet'
2023-04-25 10:50:19.120  INFO 12748 --- [http-nio-8088-exec-1] o.s.web.servlet.DispatcherServlet        : Initializing Servlet 'dispatcherServlet'
2023-04-25 10:50:19.125  INFO 12748 --- [http-nio-8088-exec-1] o.s.web.servlet.DispatcherServlet        : Completed initialization in 5 ms
2023-04-25 10:54:25.251  WARN 17192 --- [background-preinit] o.s.h.c.j.Jackson2ObjectMapperBuilder    : For Jackson Kotlin classes support please add "com.fasterxml.jackson.module:jackson-module-kotlin" to the classpath
2023-04-25 10:54:25.617  INFO 17192 --- [main] .s.d.r.c.RepositoryConfigurationDelegate : Multiple Spring Data modules found, entering strict repository configuration mode!
2023-04-25 10:54:25.619  INFO 17192 --- [main] .s.d.r.c.RepositoryConfigurationDelegate : Bootstrapping Spring Data Redis repositories in DEFAULT mode.
2023-04-25 10:54:25.639  INFO 17192 --- [main] .s.d.r.c.RepositoryConfigurationDelegate : Finished Spring Data repository scanning in 14ms. Found 0 Redis repository interfaces.
2023-04-25 10:54:25.923  INFO 17192 --- [main] o.s.b.w.embedded.tomcat.TomcatWebServer  : Tomcat initialized with port(s): 8088 (http)
2023-04-25 10:54:25.928  INFO 17192 --- [main] o.apache.catalina.core.StandardService   : Starting service [Tomcat]
2023-04-25 10:54:25.928  INFO 17192 --- [main] org.apache.catalina.core.StandardEngine  : Starting Servlet engine: [Apache Tomcat/9.0.31]
2023-04-25 10:54:25.994  INFO 17192 --- [main] o.a.c.c.C.[Tomcat].[localhost].[/]       : Initializing Spring embedded WebApplicationContext
2023-04-25 10:54:25.994  INFO 17192 --- [main] o.s.web.context.ContextLoader            : Root WebApplicationContext: initialization completed in 763 ms
2023-04-25 10:54:26.265  INFO 17192 --- [main] c.a.d.s.b.a.DruidDataSourceAutoConfigure : Init DruidDataSource
2023-04-25 10:54:26.759  INFO 17192 --- [main] com.alibaba.druid.pool.DruidDataSource   : {dataSource-1} inited
2023-04-25 10:54:27.608  INFO 17192 --- [main] org.quartz.impl.StdSchedulerFactory      : Using default implementation for ThreadExecutor
2023-04-25 10:54:27.613  INFO 17192 --- [main] org.quartz.core.SchedulerSignalerImpl    : Initialized Scheduler Signaller of type: class org.quartz.core.SchedulerSignalerImpl
2023-04-25 10:54:27.613  INFO 17192 --- [main] org.quartz.core.QuartzScheduler          : Quartz Scheduler v.2.3.2 created.
2023-04-25 10:54:27.614  INFO 17192 --- [main] org.quartz.simpl.RAMJobStore             : RAMJobStore initialized.
2023-04-25 10:54:27.614  INFO 17192 --- [main] org.quartz.core.QuartzScheduler          : Scheduler meta-data: Quartz Scheduler (v2.3.2) 'quartzScheduler' with instanceId 'NON_CLUSTERED'
  Scheduler class: 'org.quartz.core.QuartzScheduler' - running locally.
  NOT STARTED.
  Currently in standby mode.
  Number of jobs executed: 0
  Using thread pool 'org.quartz.simpl.SimpleThreadPool' - with 10 threads.
  Using job-store 'org.quartz.simpl.RAMJobStore' - which does not support persistence. and is not clustered.

2023-04-25 10:54:27.614  INFO 17192 --- [main] org.quartz.impl.StdSchedulerFactory      : Quartz scheduler 'quartzScheduler' initialized from an externally provided properties instance.
2023-04-25 10:54:27.614  INFO 17192 --- [main] org.quartz.impl.StdSchedulerFactory      : Quartz scheduler version: 2.3.2
2023-04-25 10:54:27.614  INFO 17192 --- [main] org.quartz.core.QuartzScheduler          : JobFactory set to: org.springframework.scheduling.quartz.SpringBeanJobFactory@17216605
2023-04-25 10:54:27.662  INFO 17192 --- [main] io.lettuce.core.EpollProvider            : Starting without optional epoll library
2023-04-25 10:54:27.662  INFO 17192 --- [main] io.lettuce.core.KqueueProvider           : Starting without optional kqueue library
2023-04-25 10:54:28.026  INFO 17192 --- [main] o.s.a.r.c.CachingConnectionFactory       : Attempting to connect to: [192.168.10.132:5672]
2023-04-25 10:54:28.045  INFO 17192 --- [main] o.s.a.r.c.CachingConnectionFactory       : Created new connection: rabbitConnectionFactory#5426cb36:0/SimpleConnection@15e08615 [delegate=amqp://root@192.168.10.132:5672/, localPort= 13148]
2023-04-25 10:54:28.074  INFO 17192 --- [main] o.s.s.quartz.SchedulerFactoryBean        : Starting Quartz Scheduler now
2023-04-25 10:54:28.075  INFO 17192 --- [main] org.quartz.core.QuartzScheduler          : Scheduler quartzScheduler_$_NON_CLUSTERED started.
2023-04-25 10:54:28.611  INFO 17192 --- [main] s.a.ScheduledAnnotationBeanPostProcessor : No TaskScheduler/ScheduledExecutorService bean found for scheduled processing
2023-04-25 10:54:28.627  INFO 17192 --- [main] o.s.b.w.embedded.tomcat.TomcatWebServer  : Tomcat started on port(s): 8088 (http) with context path ''
2023-04-25 10:54:33.783  INFO 17192 --- [http-nio-8088-exec-1] o.a.c.c.C.[Tomcat].[localhost].[/]       : Initializing Spring DispatcherServlet 'dispatcherServlet'
2023-04-25 10:54:33.783  INFO 17192 --- [http-nio-8088-exec-1] o.s.web.servlet.DispatcherServlet        : Initializing Servlet 'dispatcherServlet'
2023-04-25 10:54:33.787  INFO 17192 --- [http-nio-8088-exec-1] o.s.web.servlet.DispatcherServlet        : Completed initialization in 3 ms
2023-04-25 10:55:43.684  WARN 17540 --- [background-preinit] o.s.h.c.j.Jackson2ObjectMapperBuilder    : For Jackson Kotlin classes support please add "com.fasterxml.jackson.module:jackson-module-kotlin" to the classpath
2023-04-25 10:55:44.017  INFO 17540 --- [main] .s.d.r.c.RepositoryConfigurationDelegate : Multiple Spring Data modules found, entering strict repository configuration mode!
2023-04-25 10:55:44.018  INFO 17540 --- [main] .s.d.r.c.RepositoryConfigurationDelegate : Bootstrapping Spring Data Redis repositories in DEFAULT mode.
2023-04-25 10:55:44.040  INFO 17540 --- [main] .s.d.r.c.RepositoryConfigurationDelegate : Finished Spring Data repository scanning in 15ms. Found 0 Redis repository interfaces.
2023-04-25 10:55:44.314  INFO 17540 --- [main] o.s.b.w.embedded.tomcat.TomcatWebServer  : Tomcat initialized with port(s): 8088 (http)
2023-04-25 10:55:44.319  INFO 17540 --- [main] o.apache.catalina.core.StandardService   : Starting service [Tomcat]
2023-04-25 10:55:44.319  INFO 17540 --- [main] org.apache.catalina.core.StandardEngine  : Starting Servlet engine: [Apache Tomcat/9.0.31]
2023-04-25 10:55:44.382  INFO 17540 --- [main] o.a.c.c.C.[Tomcat].[localhost].[/]       : Initializing Spring embedded WebApplicationContext
2023-04-25 10:55:44.382  INFO 17540 --- [main] o.s.web.context.ContextLoader            : Root WebApplicationContext: initialization completed in 727 ms
2023-04-25 10:55:44.623  INFO 17540 --- [main] c.a.d.s.b.a.DruidDataSourceAutoConfigure : Init DruidDataSource
2023-04-25 10:55:44.991  INFO 17540 --- [main] com.alibaba.druid.pool.DruidDataSource   : {dataSource-1} inited
2023-04-25 10:55:45.876  INFO 17540 --- [main] org.quartz.impl.StdSchedulerFactory      : Using default implementation for ThreadExecutor
2023-04-25 10:55:45.881  INFO 17540 --- [main] org.quartz.core.SchedulerSignalerImpl    : Initialized Scheduler Signaller of type: class org.quartz.core.SchedulerSignalerImpl
2023-04-25 10:55:45.881  INFO 17540 --- [main] org.quartz.core.QuartzScheduler          : Quartz Scheduler v.2.3.2 created.
2023-04-25 10:55:45.881  INFO 17540 --- [main] org.quartz.simpl.RAMJobStore             : RAMJobStore initialized.
2023-04-25 10:55:45.881  INFO 17540 --- [main] org.quartz.core.QuartzScheduler          : Scheduler meta-data: Quartz Scheduler (v2.3.2) 'quartzScheduler' with instanceId 'NON_CLUSTERED'
  Scheduler class: 'org.quartz.core.QuartzScheduler' - running locally.
  NOT STARTED.
  Currently in standby mode.
  Number of jobs executed: 0
  Using thread pool 'org.quartz.simpl.SimpleThreadPool' - with 10 threads.
  Using job-store 'org.quartz.simpl.RAMJobStore' - which does not support persistence. and is not clustered.

2023-04-25 10:55:45.881  INFO 17540 --- [main] org.quartz.impl.StdSchedulerFactory      : Quartz scheduler 'quartzScheduler' initialized from an externally provided properties instance.
2023-04-25 10:55:45.882  INFO 17540 --- [main] org.quartz.impl.StdSchedulerFactory      : Quartz scheduler version: 2.3.2
2023-04-25 10:55:45.882  INFO 17540 --- [main] org.quartz.core.QuartzScheduler          : JobFactory set to: org.springframework.scheduling.quartz.SpringBeanJobFactory@26a4f9ed
2023-04-25 10:55:45.929  INFO 17540 --- [main] io.lettuce.core.EpollProvider            : Starting without optional epoll library
2023-04-25 10:55:45.929  INFO 17540 --- [main] io.lettuce.core.KqueueProvider           : Starting without optional kqueue library
2023-04-25 10:55:46.317  INFO 17540 --- [main] o.s.a.r.c.CachingConnectionFactory       : Attempting to connect to: [192.168.10.132:5672]
2023-04-25 10:55:46.335  INFO 17540 --- [main] o.s.a.r.c.CachingConnectionFactory       : Created new connection: rabbitConnectionFactory#1b0e9707:0/SimpleConnection@69e2fe3b [delegate=amqp://root@192.168.10.132:5672/, localPort= 13479]
2023-04-25 10:55:46.372  INFO 17540 --- [main] o.s.s.quartz.SchedulerFactoryBean        : Starting Quartz Scheduler now
2023-04-25 10:55:46.372  INFO 17540 --- [main] org.quartz.core.QuartzScheduler          : Scheduler quartzScheduler_$_NON_CLUSTERED started.
2023-04-25 10:55:46.910  INFO 17540 --- [main] s.a.ScheduledAnnotationBeanPostProcessor : No TaskScheduler/ScheduledExecutorService bean found for scheduled processing
2023-04-25 10:55:46.919  INFO 17540 --- [main] o.s.b.w.embedded.tomcat.TomcatWebServer  : Tomcat started on port(s): 8088 (http) with context path ''
2023-04-25 10:57:30.129  WARN 13456 --- [background-preinit] o.s.h.c.j.Jackson2ObjectMapperBuilder    : For Jackson Kotlin classes support please add "com.fasterxml.jackson.module:jackson-module-kotlin" to the classpath
2023-04-25 10:57:30.462  INFO 13456 --- [main] .s.d.r.c.RepositoryConfigurationDelegate : Multiple Spring Data modules found, entering strict repository configuration mode!
2023-04-25 10:57:30.463  INFO 13456 --- [main] .s.d.r.c.RepositoryConfigurationDelegate : Bootstrapping Spring Data Redis repositories in DEFAULT mode.
2023-04-25 10:57:30.484  INFO 13456 --- [main] .s.d.r.c.RepositoryConfigurationDelegate : Finished Spring Data repository scanning in 14ms. Found 0 Redis repository interfaces.
2023-04-25 10:57:30.775  INFO 13456 --- [main] o.s.b.w.embedded.tomcat.TomcatWebServer  : Tomcat initialized with port(s): 8088 (http)
2023-04-25 10:57:30.779  INFO 13456 --- [main] o.apache.catalina.core.StandardService   : Starting service [Tomcat]
2023-04-25 10:57:30.780  INFO 13456 --- [main] org.apache.catalina.core.StandardEngine  : Starting Servlet engine: [Apache Tomcat/9.0.31]
2023-04-25 10:57:30.848  INFO 13456 --- [main] o.a.c.c.C.[Tomcat].[localhost].[/]       : Initializing Spring embedded WebApplicationContext
2023-04-25 10:57:30.848  INFO 13456 --- [main] o.s.web.context.ContextLoader            : Root WebApplicationContext: initialization completed in 746 ms
2023-04-25 10:57:31.096  INFO 13456 --- [main] c.a.d.s.b.a.DruidDataSourceAutoConfigure : Init DruidDataSource
2023-04-25 10:57:31.424  INFO 13456 --- [main] com.alibaba.druid.pool.DruidDataSource   : {dataSource-1} inited
2023-04-25 10:57:32.289  INFO 13456 --- [main] org.quartz.impl.StdSchedulerFactory      : Using default implementation for ThreadExecutor
2023-04-25 10:57:32.294  INFO 13456 --- [main] org.quartz.core.SchedulerSignalerImpl    : Initialized Scheduler Signaller of type: class org.quartz.core.SchedulerSignalerImpl
2023-04-25 10:57:32.294  INFO 13456 --- [main] org.quartz.core.QuartzScheduler          : Quartz Scheduler v.2.3.2 created.
2023-04-25 10:57:32.295  INFO 13456 --- [main] org.quartz.simpl.RAMJobStore             : RAMJobStore initialized.
2023-04-25 10:57:32.295  INFO 13456 --- [main] org.quartz.core.QuartzScheduler          : Scheduler meta-data: Quartz Scheduler (v2.3.2) 'quartzScheduler' with instanceId 'NON_CLUSTERED'
  Scheduler class: 'org.quartz.core.QuartzScheduler' - running locally.
  NOT STARTED.
  Currently in standby mode.
  Number of jobs executed: 0
  Using thread pool 'org.quartz.simpl.SimpleThreadPool' - with 10 threads.
  Using job-store 'org.quartz.simpl.RAMJobStore' - which does not support persistence. and is not clustered.

2023-04-25 10:57:32.295  INFO 13456 --- [main] org.quartz.impl.StdSchedulerFactory      : Quartz scheduler 'quartzScheduler' initialized from an externally provided properties instance.
2023-04-25 10:57:32.295  INFO 13456 --- [main] org.quartz.impl.StdSchedulerFactory      : Quartz scheduler version: 2.3.2
2023-04-25 10:57:32.295  INFO 13456 --- [main] org.quartz.core.QuartzScheduler          : JobFactory set to: org.springframework.scheduling.quartz.SpringBeanJobFactory@38087342
2023-04-25 10:57:32.346  INFO 13456 --- [main] io.lettuce.core.EpollProvider            : Starting without optional epoll library
2023-04-25 10:57:32.346  INFO 13456 --- [main] io.lettuce.core.KqueueProvider           : Starting without optional kqueue library
2023-04-25 10:57:32.711  INFO 13456 --- [main] o.s.a.r.c.CachingConnectionFactory       : Attempting to connect to: [192.168.10.132:5672]
2023-04-25 10:57:32.725  INFO 13456 --- [main] o.s.a.r.c.CachingConnectionFactory       : Created new connection: rabbitConnectionFactory#51bddd98:0/SimpleConnection@2b7774d5 [delegate=amqp://root@192.168.10.132:5672/, localPort= 13710]
2023-04-25 10:57:32.756  INFO 13456 --- [main] o.s.s.quartz.SchedulerFactoryBean        : Starting Quartz Scheduler now
2023-04-25 10:57:32.756  INFO 13456 --- [main] org.quartz.core.QuartzScheduler          : Scheduler quartzScheduler_$_NON_CLUSTERED started.
2023-04-25 10:57:33.300  INFO 13456 --- [main] s.a.ScheduledAnnotationBeanPostProcessor : No TaskScheduler/ScheduledExecutorService bean found for scheduled processing
2023-04-25 10:57:33.315  INFO 13456 --- [main] o.s.b.w.embedded.tomcat.TomcatWebServer  : Tomcat started on port(s): 8088 (http) with context path ''
2023-04-25 10:57:44.246  INFO 13456 --- [http-nio-8088-exec-1] o.a.c.c.C.[Tomcat].[localhost].[/]       : Initializing Spring DispatcherServlet 'dispatcherServlet'
2023-04-25 10:57:44.246  INFO 13456 --- [http-nio-8088-exec-1] o.s.web.servlet.DispatcherServlet        : Initializing Servlet 'dispatcherServlet'
2023-04-25 10:57:44.253  INFO 13456 --- [http-nio-8088-exec-1] o.s.web.servlet.DispatcherServlet        : Completed initialization in 7 ms
2023-04-25 10:58:59.030  WARN 9452 --- [background-preinit] o.s.h.c.j.Jackson2ObjectMapperBuilder    : For Jackson Kotlin classes support please add "com.fasterxml.jackson.module:jackson-module-kotlin" to the classpath
2023-04-25 10:58:59.378  INFO 9452 --- [main] .s.d.r.c.RepositoryConfigurationDelegate : Multiple Spring Data modules found, entering strict repository configuration mode!
2023-04-25 10:58:59.379  INFO 9452 --- [main] .s.d.r.c.RepositoryConfigurationDelegate : Bootstrapping Spring Data Redis repositories in DEFAULT mode.
2023-04-25 10:58:59.401  INFO 9452 --- [main] .s.d.r.c.RepositoryConfigurationDelegate : Finished Spring Data repository scanning in 14ms. Found 0 Redis repository interfaces.
2023-04-25 10:58:59.694  INFO 9452 --- [main] o.s.b.w.embedded.tomcat.TomcatWebServer  : Tomcat initialized with port(s): 8088 (http)
2023-04-25 10:58:59.699  INFO 9452 --- [main] o.apache.catalina.core.StandardService   : Starting service [Tomcat]
2023-04-25 10:58:59.699  INFO 9452 --- [main] org.apache.catalina.core.StandardEngine  : Starting Servlet engine: [Apache Tomcat/9.0.31]
2023-04-25 10:58:59.765  INFO 9452 --- [main] o.a.c.c.C.[Tomcat].[localhost].[/]       : Initializing Spring embedded WebApplicationContext
2023-04-25 10:58:59.765  INFO 9452 --- [main] o.s.web.context.ContextLoader            : Root WebApplicationContext: initialization completed in 767 ms
2023-04-25 10:58:59.990  INFO 9452 --- [main] c.a.d.s.b.a.DruidDataSourceAutoConfigure : Init DruidDataSource
2023-04-25 10:59:00.336  INFO 9452 --- [main] com.alibaba.druid.pool.DruidDataSource   : {dataSource-1} inited
2023-04-25 10:59:01.190  INFO 9452 --- [main] org.quartz.impl.StdSchedulerFactory      : Using default implementation for ThreadExecutor
2023-04-25 10:59:01.195  INFO 9452 --- [main] org.quartz.core.SchedulerSignalerImpl    : Initialized Scheduler Signaller of type: class org.quartz.core.SchedulerSignalerImpl
2023-04-25 10:59:01.195  INFO 9452 --- [main] org.quartz.core.QuartzScheduler          : Quartz Scheduler v.2.3.2 created.
2023-04-25 10:59:01.195  INFO 9452 --- [main] org.quartz.simpl.RAMJobStore             : RAMJobStore initialized.
2023-04-25 10:59:01.195  INFO 9452 --- [main] org.quartz.core.QuartzScheduler          : Scheduler meta-data: Quartz Scheduler (v2.3.2) 'quartzScheduler' with instanceId 'NON_CLUSTERED'
  Scheduler class: 'org.quartz.core.QuartzScheduler' - running locally.
  NOT STARTED.
  Currently in standby mode.
  Number of jobs executed: 0
  Using thread pool 'org.quartz.simpl.SimpleThreadPool' - with 10 threads.
  Using job-store 'org.quartz.simpl.RAMJobStore' - which does not support persistence. and is not clustered.

2023-04-25 10:59:01.196  INFO 9452 --- [main] org.quartz.impl.StdSchedulerFactory      : Quartz scheduler 'quartzScheduler' initialized from an externally provided properties instance.
2023-04-25 10:59:01.196  INFO 9452 --- [main] org.quartz.impl.StdSchedulerFactory      : Quartz scheduler version: 2.3.2
2023-04-25 10:59:01.196  INFO 9452 --- [main] org.quartz.core.QuartzScheduler          : JobFactory set to: org.springframework.scheduling.quartz.SpringBeanJobFactory@15369d73
2023-04-25 10:59:01.239  INFO 9452 --- [main] io.lettuce.core.EpollProvider            : Starting without optional epoll library
2023-04-25 10:59:01.239  INFO 9452 --- [main] io.lettuce.core.KqueueProvider           : Starting without optional kqueue library
2023-04-25 10:59:01.600  INFO 9452 --- [main] o.s.a.r.c.CachingConnectionFactory       : Attempting to connect to: [192.168.10.132:5672]
2023-04-25 10:59:01.617  INFO 9452 --- [main] o.s.a.r.c.CachingConnectionFactory       : Created new connection: rabbitConnectionFactory#76cf841:0/SimpleConnection@6aad919c [delegate=amqp://root@192.168.10.132:5672/, localPort= 13975]
2023-04-25 10:59:01.651  INFO 9452 --- [main] o.s.s.quartz.SchedulerFactoryBean        : Starting Quartz Scheduler now
2023-04-25 10:59:01.652  INFO 9452 --- [main] org.quartz.core.QuartzScheduler          : Scheduler quartzScheduler_$_NON_CLUSTERED started.
2023-04-25 10:59:02.190  INFO 9452 --- [main] s.a.ScheduledAnnotationBeanPostProcessor : No TaskScheduler/ScheduledExecutorService bean found for scheduled processing
2023-04-25 10:59:02.205  INFO 9452 --- [main] o.s.b.w.embedded.tomcat.TomcatWebServer  : Tomcat started on port(s): 8088 (http) with context path ''
2023-04-25 10:59:06.353  INFO 9452 --- [http-nio-8088-exec-1] o.a.c.c.C.[Tomcat].[localhost].[/]       : Initializing Spring DispatcherServlet 'dispatcherServlet'
2023-04-25 10:59:06.353  INFO 9452 --- [http-nio-8088-exec-1] o.s.web.servlet.DispatcherServlet        : Initializing Servlet 'dispatcherServlet'
2023-04-25 10:59:06.357  INFO 9452 --- [http-nio-8088-exec-1] o.s.web.servlet.DispatcherServlet        : Completed initialization in 4 ms
2023-04-25 11:00:23.054  WARN 17828 --- [background-preinit] o.s.h.c.j.Jackson2ObjectMapperBuilder    : For Jackson Kotlin classes support please add "com.fasterxml.jackson.module:jackson-module-kotlin" to the classpath
2023-04-25 11:00:23.398  INFO 17828 --- [main] .s.d.r.c.RepositoryConfigurationDelegate : Multiple Spring Data modules found, entering strict repository configuration mode!
2023-04-25 11:00:23.400  INFO 17828 --- [main] .s.d.r.c.RepositoryConfigurationDelegate : Bootstrapping Spring Data Redis repositories in DEFAULT mode.
2023-04-25 11:00:23.422  INFO 17828 --- [main] .s.d.r.c.RepositoryConfigurationDelegate : Finished Spring Data repository scanning in 16ms. Found 0 Redis repository interfaces.
2023-04-25 11:00:23.733  INFO 17828 --- [main] o.s.b.w.embedded.tomcat.TomcatWebServer  : Tomcat initialized with port(s): 8088 (http)
2023-04-25 11:00:23.738  INFO 17828 --- [main] o.apache.catalina.core.StandardService   : Starting service [Tomcat]
2023-04-25 11:00:23.738  INFO 17828 --- [main] org.apache.catalina.core.StandardEngine  : Starting Servlet engine: [Apache Tomcat/9.0.31]
2023-04-25 11:00:23.806  INFO 17828 --- [main] o.a.c.c.C.[Tomcat].[localhost].[/]       : Initializing Spring embedded WebApplicationContext
2023-04-25 11:00:23.806  INFO 17828 --- [main] o.s.web.context.ContextLoader            : Root WebApplicationContext: initialization completed in 777 ms
2023-04-25 11:00:24.048  INFO 17828 --- [main] c.a.d.s.b.a.DruidDataSourceAutoConfigure : Init DruidDataSource
2023-04-25 11:00:24.380  INFO 17828 --- [main] com.alibaba.druid.pool.DruidDataSource   : {dataSource-1} inited
2023-04-25 11:00:25.221  INFO 17828 --- [main] org.quartz.impl.StdSchedulerFactory      : Using default implementation for ThreadExecutor
2023-04-25 11:00:25.226  INFO 17828 --- [main] org.quartz.core.SchedulerSignalerImpl    : Initialized Scheduler Signaller of type: class org.quartz.core.SchedulerSignalerImpl
2023-04-25 11:00:25.226  INFO 17828 --- [main] org.quartz.core.QuartzScheduler          : Quartz Scheduler v.2.3.2 created.
2023-04-25 11:00:25.226  INFO 17828 --- [main] org.quartz.simpl.RAMJobStore             : RAMJobStore initialized.
2023-04-25 11:00:25.227  INFO 17828 --- [main] org.quartz.core.QuartzScheduler          : Scheduler meta-data: Quartz Scheduler (v2.3.2) 'quartzScheduler' with instanceId 'NON_CLUSTERED'
  Scheduler class: 'org.quartz.core.QuartzScheduler' - running locally.
  NOT STARTED.
  Currently in standby mode.
  Number of jobs executed: 0
  Using thread pool 'org.quartz.simpl.SimpleThreadPool' - with 10 threads.
  Using job-store 'org.quartz.simpl.RAMJobStore' - which does not support persistence. and is not clustered.

2023-04-25 11:00:25.227  INFO 17828 --- [main] org.quartz.impl.StdSchedulerFactory      : Quartz scheduler 'quartzScheduler' initialized from an externally provided properties instance.
2023-04-25 11:00:25.227  INFO 17828 --- [main] org.quartz.impl.StdSchedulerFactory      : Quartz scheduler version: 2.3.2
2023-04-25 11:00:25.227  INFO 17828 --- [main] org.quartz.core.QuartzScheduler          : JobFactory set to: org.springframework.scheduling.quartz.SpringBeanJobFactory@4ae8fb2a
2023-04-25 11:00:25.272  INFO 17828 --- [main] io.lettuce.core.EpollProvider            : Starting without optional epoll library
2023-04-25 11:00:25.272  INFO 17828 --- [main] io.lettuce.core.KqueueProvider           : Starting without optional kqueue library
2023-04-25 11:00:25.646  INFO 17828 --- [main] o.s.a.r.c.CachingConnectionFactory       : Attempting to connect to: [192.168.10.132:5672]
2023-04-25 11:00:25.661  INFO 17828 --- [main] o.s.a.r.c.CachingConnectionFactory       : Created new connection: rabbitConnectionFactory#626c19cf:0/SimpleConnection@40f1aa95 [delegate=amqp://root@192.168.10.132:5672/, localPort= 14268]
2023-04-25 11:00:25.690  INFO 17828 --- [main] o.s.s.quartz.SchedulerFactoryBean        : Starting Quartz Scheduler now
2023-04-25 11:00:25.690  INFO 17828 --- [main] org.quartz.core.QuartzScheduler          : Scheduler quartzScheduler_$_NON_CLUSTERED started.
2023-04-25 11:00:26.224  INFO 17828 --- [main] s.a.ScheduledAnnotationBeanPostProcessor : No TaskScheduler/ScheduledExecutorService bean found for scheduled processing
2023-04-25 11:00:26.234  INFO 17828 --- [main] o.s.b.w.embedded.tomcat.TomcatWebServer  : Tomcat started on port(s): 8088 (http) with context path ''
2023-04-25 11:01:25.411  WARN 15164 --- [background-preinit] o.s.h.c.j.Jackson2ObjectMapperBuilder    : For Jackson Kotlin classes support please add "com.fasterxml.jackson.module:jackson-module-kotlin" to the classpath
2023-04-25 11:01:25.784  INFO 15164 --- [main] .s.d.r.c.RepositoryConfigurationDelegate : Multiple Spring Data modules found, entering strict repository configuration mode!
2023-04-25 11:01:25.785  INFO 15164 --- [main] .s.d.r.c.RepositoryConfigurationDelegate : Bootstrapping Spring Data Redis repositories in DEFAULT mode.
2023-04-25 11:01:25.807  INFO 15164 --- [main] .s.d.r.c.RepositoryConfigurationDelegate : Finished Spring Data repository scanning in 14ms. Found 0 Redis repository interfaces.
2023-04-25 11:01:26.146  INFO 15164 --- [main] o.s.b.w.embedded.tomcat.TomcatWebServer  : Tomcat initialized with port(s): 8088 (http)
2023-04-25 11:01:26.150  INFO 15164 --- [main] o.apache.catalina.core.StandardService   : Starting service [Tomcat]
2023-04-25 11:01:26.150  INFO 15164 --- [main] org.apache.catalina.core.StandardEngine  : Starting Servlet engine: [Apache Tomcat/9.0.31]
2023-04-25 11:01:26.214  INFO 15164 --- [main] o.a.c.c.C.[Tomcat].[localhost].[/]       : Initializing Spring embedded WebApplicationContext
2023-04-25 11:01:26.214  INFO 15164 --- [main] o.s.web.context.ContextLoader            : Root WebApplicationContext: initialization completed in 825 ms
2023-04-25 11:01:26.449  INFO 15164 --- [main] c.a.d.s.b.a.DruidDataSourceAutoConfigure : Init DruidDataSource
2023-04-25 11:01:26.806  INFO 15164 --- [main] com.alibaba.druid.pool.DruidDataSource   : {dataSource-1} inited
2023-04-25 11:01:27.812  INFO 15164 --- [main] org.quartz.impl.StdSchedulerFactory      : Using default implementation for ThreadExecutor
2023-04-25 11:01:27.818  INFO 15164 --- [main] org.quartz.core.SchedulerSignalerImpl    : Initialized Scheduler Signaller of type: class org.quartz.core.SchedulerSignalerImpl
2023-04-25 11:01:27.819  INFO 15164 --- [main] org.quartz.core.QuartzScheduler          : Quartz Scheduler v.2.3.2 created.
2023-04-25 11:01:27.819  INFO 15164 --- [main] org.quartz.simpl.RAMJobStore             : RAMJobStore initialized.
2023-04-25 11:01:27.820  INFO 15164 --- [main] org.quartz.core.QuartzScheduler          : Scheduler meta-data: Quartz Scheduler (v2.3.2) 'quartzScheduler' with instanceId 'NON_CLUSTERED'
  Scheduler class: 'org.quartz.core.QuartzScheduler' - running locally.
  NOT STARTED.
  Currently in standby mode.
  Number of jobs executed: 0
  Using thread pool 'org.quartz.simpl.SimpleThreadPool' - with 10 threads.
  Using job-store 'org.quartz.simpl.RAMJobStore' - which does not support persistence. and is not clustered.

2023-04-25 11:01:27.820  INFO 15164 --- [main] org.quartz.impl.StdSchedulerFactory      : Quartz scheduler 'quartzScheduler' initialized from an externally provided properties instance.
2023-04-25 11:01:27.820  INFO 15164 --- [main] org.quartz.impl.StdSchedulerFactory      : Quartz scheduler version: 2.3.2
2023-04-25 11:01:27.820  INFO 15164 --- [main] org.quartz.core.QuartzScheduler          : JobFactory set to: org.springframework.scheduling.quartz.SpringBeanJobFactory@1786150f
2023-04-25 11:01:27.878  INFO 15164 --- [main] io.lettuce.core.EpollProvider            : Starting without optional epoll library
2023-04-25 11:01:27.879  INFO 15164 --- [main] io.lettuce.core.KqueueProvider           : Starting without optional kqueue library
2023-04-25 11:01:28.265  INFO 15164 --- [main] o.s.a.r.c.CachingConnectionFactory       : Attempting to connect to: [192.168.10.132:5672]
2023-04-25 11:01:28.284  INFO 15164 --- [main] o.s.a.r.c.CachingConnectionFactory       : Created new connection: rabbitConnectionFactory#7848321e:0/SimpleConnection@5c7e55a4 [delegate=amqp://root@192.168.10.132:5672/, localPort= 14469]
2023-04-25 11:01:28.319  INFO 15164 --- [main] o.s.s.quartz.SchedulerFactoryBean        : Starting Quartz Scheduler now
2023-04-25 11:01:28.320  INFO 15164 --- [main] org.quartz.core.QuartzScheduler          : Scheduler quartzScheduler_$_NON_CLUSTERED started.
2023-04-25 11:01:28.864  INFO 15164 --- [main] s.a.ScheduledAnnotationBeanPostProcessor : No TaskScheduler/ScheduledExecutorService bean found for scheduled processing
2023-04-25 11:01:28.882  INFO 15164 --- [main] o.s.b.w.embedded.tomcat.TomcatWebServer  : Tomcat started on port(s): 8088 (http) with context path ''
2023-04-25 11:01:41.340  INFO 15164 --- [SpringContextShutdownHook] o.s.a.r.l.SimpleMessageListenerContainer : Waiting for workers to finish.
2023-04-25 11:01:41.350  INFO 15164 --- [SpringContextShutdownHook] o.s.a.r.l.SimpleMessageListenerContainer : Successfully waited for workers to finish.
2023-04-25 11:01:41.352  INFO 15164 --- [SpringContextShutdownHook] o.s.a.r.l.SimpleMessageListenerContainer : Waiting for workers to finish.
2023-04-25 11:01:42.347  INFO 15164 --- [SpringContextShutdownHook] o.s.a.r.l.SimpleMessageListenerContainer : Successfully waited for workers to finish.
2023-04-25 11:01:42.347  INFO 15164 --- [SpringContextShutdownHook] org.quartz.core.QuartzScheduler          : Scheduler quartzScheduler_$_NON_CLUSTERED paused.
2023-04-25 11:01:42.355  INFO 15164 --- [SpringContextShutdownHook] o.s.s.quartz.SchedulerFactoryBean        : Shutting down Quartz Scheduler
2023-04-25 11:01:42.355  INFO 15164 --- [SpringContextShutdownHook] org.quartz.core.QuartzScheduler          : Scheduler quartzScheduler_$_NON_CLUSTERED shutting down.
2023-04-25 11:01:42.355  INFO 15164 --- [SpringContextShutdownHook] org.quartz.core.QuartzScheduler          : Scheduler quartzScheduler_$_NON_CLUSTERED paused.
2023-04-25 11:01:42.355  INFO 15164 --- [SpringContextShutdownHook] org.quartz.core.QuartzScheduler          : Scheduler quartzScheduler_$_NON_CLUSTERED shutdown complete.
2023-04-25 11:01:42.357  INFO 15164 --- [SpringContextShutdownHook] o.s.a.r.l.SimpleMessageListenerContainer : Shutdown ignored - container is not active already
2023-04-25 11:01:42.358  INFO 15164 --- [SpringContextShutdownHook] o.s.a.r.l.SimpleMessageListenerContainer : Shutdown ignored - container is not active already
2023-04-25 11:01:42.365  INFO 15164 --- [SpringContextShutdownHook] com.alibaba.druid.pool.DruidDataSource   : {dataSource-1} closing ...
2023-04-25 11:01:42.367  INFO 15164 --- [SpringContextShutdownHook] com.alibaba.druid.pool.DruidDataSource   : {dataSource-1} closed
2023-04-25 11:01:46.413  WARN 5060 --- [background-preinit] o.s.h.c.j.Jackson2ObjectMapperBuilder    : For Jackson Kotlin classes support please add "com.fasterxml.jackson.module:jackson-module-kotlin" to the classpath
2023-04-25 11:01:46.764  INFO 5060 --- [main] .s.d.r.c.RepositoryConfigurationDelegate : Multiple Spring Data modules found, entering strict repository configuration mode!
2023-04-25 11:01:46.765  INFO 5060 --- [main] .s.d.r.c.RepositoryConfigurationDelegate : Bootstrapping Spring Data Redis repositories in DEFAULT mode.
2023-04-25 11:01:46.788  INFO 5060 --- [main] .s.d.r.c.RepositoryConfigurationDelegate : Finished Spring Data repository scanning in 14ms. Found 0 Redis repository interfaces.
2023-04-25 11:01:47.124  INFO 5060 --- [main] o.s.b.w.embedded.tomcat.TomcatWebServer  : Tomcat initialized with port(s): 8088 (http)
2023-04-25 11:01:47.129  INFO 5060 --- [main] o.apache.catalina.core.StandardService   : Starting service [Tomcat]
2023-04-25 11:01:47.129  INFO 5060 --- [main] org.apache.catalina.core.StandardEngine  : Starting Servlet engine: [Apache Tomcat/9.0.31]
2023-04-25 11:01:47.195  INFO 5060 --- [main] o.a.c.c.C.[Tomcat].[localhost].[/]       : Initializing Spring embedded WebApplicationContext
2023-04-25 11:01:47.195  INFO 5060 --- [main] o.s.web.context.ContextLoader            : Root WebApplicationContext: initialization completed in 802 ms
2023-04-25 11:01:47.451  INFO 5060 --- [main] c.a.d.s.b.a.DruidDataSourceAutoConfigure : Init DruidDataSource
2023-04-25 11:01:47.808  INFO 5060 --- [main] com.alibaba.druid.pool.DruidDataSource   : {dataSource-1} inited
2023-04-25 11:01:48.789  INFO 5060 --- [main] org.quartz.impl.StdSchedulerFactory      : Using default implementation for ThreadExecutor
2023-04-25 11:01:48.795  INFO 5060 --- [main] org.quartz.core.SchedulerSignalerImpl    : Initialized Scheduler Signaller of type: class org.quartz.core.SchedulerSignalerImpl
2023-04-25 11:01:48.795  INFO 5060 --- [main] org.quartz.core.QuartzScheduler          : Quartz Scheduler v.2.3.2 created.
2023-04-25 11:01:48.796  INFO 5060 --- [main] org.quartz.simpl.RAMJobStore             : RAMJobStore initialized.
2023-04-25 11:01:48.796  INFO 5060 --- [main] org.quartz.core.QuartzScheduler          : Scheduler meta-data: Quartz Scheduler (v2.3.2) 'quartzScheduler' with instanceId 'NON_CLUSTERED'
  Scheduler class: 'org.quartz.core.QuartzScheduler' - running locally.
  NOT STARTED.
  Currently in standby mode.
  Number of jobs executed: 0
  Using thread pool 'org.quartz.simpl.SimpleThreadPool' - with 10 threads.
  Using job-store 'org.quartz.simpl.RAMJobStore' - which does not support persistence. and is not clustered.

2023-04-25 11:01:48.796  INFO 5060 --- [main] org.quartz.impl.StdSchedulerFactory      : Quartz scheduler 'quartzScheduler' initialized from an externally provided properties instance.
2023-04-25 11:01:48.796  INFO 5060 --- [main] org.quartz.impl.StdSchedulerFactory      : Quartz scheduler version: 2.3.2
2023-04-25 11:01:48.796  INFO 5060 --- [main] org.quartz.core.QuartzScheduler          : JobFactory set to: org.springframework.scheduling.quartz.SpringBeanJobFactory@38394dc3
2023-04-25 11:01:48.855  INFO 5060 --- [main] io.lettuce.core.EpollProvider            : Starting without optional epoll library
2023-04-25 11:01:48.856  INFO 5060 --- [main] io.lettuce.core.KqueueProvider           : Starting without optional kqueue library
2023-04-25 11:01:49.247  INFO 5060 --- [main] o.s.a.r.c.CachingConnectionFactory       : Attempting to connect to: [192.168.10.132:5672]
2023-04-25 11:01:49.264  INFO 5060 --- [main] o.s.a.r.c.CachingConnectionFactory       : Created new connection: rabbitConnectionFactory#1f42366:0/SimpleConnection@25b83dce [delegate=amqp://root@192.168.10.132:5672/, localPort= 14634]
2023-04-25 11:01:49.297  INFO 5060 --- [main] o.s.s.quartz.SchedulerFactoryBean        : Starting Quartz Scheduler now
2023-04-25 11:01:49.297  INFO 5060 --- [main] org.quartz.core.QuartzScheduler          : Scheduler quartzScheduler_$_NON_CLUSTERED started.
2023-04-25 11:01:49.829  INFO 5060 --- [main] s.a.ScheduledAnnotationBeanPostProcessor : No TaskScheduler/ScheduledExecutorService bean found for scheduled processing
2023-04-25 11:01:49.841  INFO 5060 --- [main] o.s.b.w.embedded.tomcat.TomcatWebServer  : Tomcat started on port(s): 8088 (http) with context path ''
2023-04-25 11:02:00.258  INFO 5060 --- [http-nio-8088-exec-1] o.a.c.c.C.[Tomcat].[localhost].[/]       : Initializing Spring DispatcherServlet 'dispatcherServlet'
2023-04-25 11:02:00.259  INFO 5060 --- [http-nio-8088-exec-1] o.s.web.servlet.DispatcherServlet        : Initializing Servlet 'dispatcherServlet'
2023-04-25 11:02:00.264  INFO 5060 --- [http-nio-8088-exec-1] o.s.web.servlet.DispatcherServlet        : Completed initialization in 5 ms
2023-04-25 11:06:06.809  INFO 5060 --- [SpringContextShutdownHook] o.s.a.r.l.SimpleMessageListenerContainer : Waiting for workers to finish.
2023-04-25 11:06:07.756  INFO 5060 --- [SpringContextShutdownHook] o.s.a.r.l.SimpleMessageListenerContainer : Successfully waited for workers to finish.
2023-04-25 11:06:07.758  INFO 5060 --- [SpringContextShutdownHook] o.s.a.r.l.SimpleMessageListenerContainer : Waiting for workers to finish.
2023-04-25 11:06:08.522  INFO 5060 --- [SpringContextShutdownHook] o.s.a.r.l.SimpleMessageListenerContainer : Successfully waited for workers to finish.
2023-04-25 11:06:08.522  INFO 5060 --- [SpringContextShutdownHook] org.quartz.core.QuartzScheduler          : Scheduler quartzScheduler_$_NON_CLUSTERED paused.
2023-04-25 11:06:08.528  INFO 5060 --- [SpringContextShutdownHook] o.s.s.quartz.SchedulerFactoryBean        : Shutting down Quartz Scheduler
2023-04-25 11:06:08.528  INFO 5060 --- [SpringContextShutdownHook] org.quartz.core.QuartzScheduler          : Scheduler quartzScheduler_$_NON_CLUSTERED shutting down.
2023-04-25 11:06:08.528  INFO 5060 --- [SpringContextShutdownHook] org.quartz.core.QuartzScheduler          : Scheduler quartzScheduler_$_NON_CLUSTERED paused.
2023-04-25 11:06:08.528  INFO 5060 --- [SpringContextShutdownHook] org.quartz.core.QuartzScheduler          : Scheduler quartzScheduler_$_NON_CLUSTERED shutdown complete.
2023-04-25 11:06:08.530  INFO 5060 --- [SpringContextShutdownHook] o.s.a.r.l.SimpleMessageListenerContainer : Shutdown ignored - container is not active already
2023-04-25 11:06:08.530  INFO 5060 --- [SpringContextShutdownHook] o.s.a.r.l.SimpleMessageListenerContainer : Shutdown ignored - container is not active already
2023-04-25 11:06:08.537  INFO 5060 --- [SpringContextShutdownHook] com.alibaba.druid.pool.DruidDataSource   : {dataSource-1} closing ...
2023-04-25 11:06:08.539  INFO 5060 --- [SpringContextShutdownHook] com.alibaba.druid.pool.DruidDataSource   : {dataSource-1} closed
2023-04-25 11:06:13.838  WARN 17584 --- [background-preinit] o.s.h.c.j.Jackson2ObjectMapperBuilder    : For Jackson Kotlin classes support please add "com.fasterxml.jackson.module:jackson-module-kotlin" to the classpath
2023-04-25 11:06:14.213  INFO 17584 --- [main] .s.d.r.c.RepositoryConfigurationDelegate : Multiple Spring Data modules found, entering strict repository configuration mode!
2023-04-25 11:06:14.214  INFO 17584 --- [main] .s.d.r.c.RepositoryConfigurationDelegate : Bootstrapping Spring Data Redis repositories in DEFAULT mode.
2023-04-25 11:06:14.236  INFO 17584 --- [main] .s.d.r.c.RepositoryConfigurationDelegate : Finished Spring Data repository scanning in 14ms. Found 0 Redis repository interfaces.
2023-04-25 11:06:14.592  INFO 17584 --- [main] o.s.b.w.embedded.tomcat.TomcatWebServer  : Tomcat initialized with port(s): 8088 (http)
2023-04-25 11:06:14.598  INFO 17584 --- [main] o.apache.catalina.core.StandardService   : Starting service [Tomcat]
2023-04-25 11:06:14.598  INFO 17584 --- [main] org.apache.catalina.core.StandardEngine  : Starting Servlet engine: [Apache Tomcat/9.0.31]
2023-04-25 11:06:14.670  INFO 17584 --- [main] o.a.c.c.C.[Tomcat].[localhost].[/]       : Initializing Spring embedded WebApplicationContext
2023-04-25 11:06:14.670  INFO 17584 --- [main] o.s.web.context.ContextLoader            : Root WebApplicationContext: initialization completed in 853 ms
2023-04-25 11:06:14.923  INFO 17584 --- [main] c.a.d.s.b.a.DruidDataSourceAutoConfigure : Init DruidDataSource
2023-04-25 11:06:15.291  INFO 17584 --- [main] com.alibaba.druid.pool.DruidDataSource   : {dataSource-1} inited
2023-04-25 11:06:16.281  INFO 17584 --- [main] org.quartz.impl.StdSchedulerFactory      : Using default implementation for ThreadExecutor
2023-04-25 11:06:16.288  INFO 17584 --- [main] org.quartz.core.SchedulerSignalerImpl    : Initialized Scheduler Signaller of type: class org.quartz.core.SchedulerSignalerImpl
2023-04-25 11:06:16.288  INFO 17584 --- [main] org.quartz.core.QuartzScheduler          : Quartz Scheduler v.2.3.2 created.
2023-04-25 11:06:16.288  INFO 17584 --- [main] org.quartz.simpl.RAMJobStore             : RAMJobStore initialized.
2023-04-25 11:06:16.289  INFO 17584 --- [main] org.quartz.core.QuartzScheduler          : Scheduler meta-data: Quartz Scheduler (v2.3.2) 'quartzScheduler' with instanceId 'NON_CLUSTERED'
  Scheduler class: 'org.quartz.core.QuartzScheduler' - running locally.
  NOT STARTED.
  Currently in standby mode.
  Number of jobs executed: 0
  Using thread pool 'org.quartz.simpl.SimpleThreadPool' - with 10 threads.
  Using job-store 'org.quartz.simpl.RAMJobStore' - which does not support persistence. and is not clustered.

2023-04-25 11:06:16.289  INFO 17584 --- [main] org.quartz.impl.StdSchedulerFactory      : Quartz scheduler 'quartzScheduler' initialized from an externally provided properties instance.
2023-04-25 11:06:16.289  INFO 17584 --- [main] org.quartz.impl.StdSchedulerFactory      : Quartz scheduler version: 2.3.2
2023-04-25 11:06:16.289  INFO 17584 --- [main] org.quartz.core.QuartzScheduler          : JobFactory set to: org.springframework.scheduling.quartz.SpringBeanJobFactory@6a6a2fdd
2023-04-25 11:06:16.345  INFO 17584 --- [main] io.lettuce.core.EpollProvider            : Starting without optional epoll library
2023-04-25 11:06:16.346  INFO 17584 --- [main] io.lettuce.core.KqueueProvider           : Starting without optional kqueue library
2023-04-25 11:06:16.728  INFO 17584 --- [main] o.s.a.r.c.CachingConnectionFactory       : Attempting to connect to: [192.168.10.132:5672]
2023-04-25 11:06:16.749  INFO 17584 --- [main] o.s.a.r.c.CachingConnectionFactory       : Created new connection: rabbitConnectionFactory#1d3d76b4:0/SimpleConnection@331ad6eb [delegate=amqp://root@192.168.10.132:5672/, localPort= 14978]
2023-04-25 11:06:16.781  INFO 17584 --- [main] o.s.s.quartz.SchedulerFactoryBean        : Starting Quartz Scheduler now
2023-04-25 11:06:16.781  INFO 17584 --- [main] org.quartz.core.QuartzScheduler          : Scheduler quartzScheduler_$_NON_CLUSTERED started.
2023-04-25 11:06:17.321  INFO 17584 --- [main] s.a.ScheduledAnnotationBeanPostProcessor : No TaskScheduler/ScheduledExecutorService bean found for scheduled processing
2023-04-25 11:06:17.341  INFO 17584 --- [main] o.s.b.w.embedded.tomcat.TomcatWebServer  : Tomcat started on port(s): 8088 (http) with context path ''
2023-04-25 11:06:20.632  INFO 17584 --- [http-nio-8088-exec-1] o.a.c.c.C.[Tomcat].[localhost].[/]       : Initializing Spring DispatcherServlet 'dispatcherServlet'
2023-04-25 11:06:20.632  INFO 17584 --- [http-nio-8088-exec-1] o.s.web.servlet.DispatcherServlet        : Initializing Servlet 'dispatcherServlet'
2023-04-25 11:06:20.635  INFO 17584 --- [http-nio-8088-exec-1] o.s.web.servlet.DispatcherServlet        : Completed initialization in 3 ms
2023-04-25 11:07:39.528  INFO 17584 --- [SpringContextShutdownHook] o.s.a.r.l.SimpleMessageListenerContainer : Waiting for workers to finish.
2023-04-25 11:07:39.910  INFO 17584 --- [SpringContextShutdownHook] o.s.a.r.l.SimpleMessageListenerContainer : Successfully waited for workers to finish.
2023-04-25 11:07:39.912  INFO 17584 --- [SpringContextShutdownHook] o.s.a.r.l.SimpleMessageListenerContainer : Waiting for workers to finish.
2023-04-25 11:07:40.508  INFO 17584 --- [SpringContextShutdownHook] o.s.a.r.l.SimpleMessageListenerContainer : Successfully waited for workers to finish.
2023-04-25 11:07:40.508  INFO 17584 --- [SpringContextShutdownHook] org.quartz.core.QuartzScheduler          : Scheduler quartzScheduler_$_NON_CLUSTERED paused.
2023-04-25 11:07:40.514  INFO 17584 --- [SpringContextShutdownHook] o.s.s.quartz.SchedulerFactoryBean        : Shutting down Quartz Scheduler
2023-04-25 11:07:40.515  INFO 17584 --- [SpringContextShutdownHook] org.quartz.core.QuartzScheduler          : Scheduler quartzScheduler_$_NON_CLUSTERED shutting down.
2023-04-25 11:07:40.515  INFO 17584 --- [SpringContextShutdownHook] org.quartz.core.QuartzScheduler          : Scheduler quartzScheduler_$_NON_CLUSTERED paused.
2023-04-25 11:07:40.515  INFO 17584 --- [SpringContextShutdownHook] org.quartz.core.QuartzScheduler          : Scheduler quartzScheduler_$_NON_CLUSTERED shutdown complete.
2023-04-25 11:07:40.516  INFO 17584 --- [SpringContextShutdownHook] o.s.a.r.l.SimpleMessageListenerContainer : Shutdown ignored - container is not active already
2023-04-25 11:07:40.517  INFO 17584 --- [SpringContextShutdownHook] o.s.a.r.l.SimpleMessageListenerContainer : Shutdown ignored - container is not active already
2023-04-25 11:07:40.525  INFO 17584 --- [SpringContextShutdownHook] com.alibaba.druid.pool.DruidDataSource   : {dataSource-1} closing ...
2023-04-25 11:07:40.527  INFO 17584 --- [SpringContextShutdownHook] com.alibaba.druid.pool.DruidDataSource   : {dataSource-1} closed
2023-04-25 11:07:45.560  WARN 17716 --- [background-preinit] o.s.h.c.j.Jackson2ObjectMapperBuilder    : For Jackson Kotlin classes support please add "com.fasterxml.jackson.module:jackson-module-kotlin" to the classpath
2023-04-25 11:07:45.921  INFO 17716 --- [main] .s.d.r.c.RepositoryConfigurationDelegate : Multiple Spring Data modules found, entering strict repository configuration mode!
2023-04-25 11:07:45.922  INFO 17716 --- [main] .s.d.r.c.RepositoryConfigurationDelegate : Bootstrapping Spring Data Redis repositories in DEFAULT mode.
2023-04-25 11:07:45.943  INFO 17716 --- [main] .s.d.r.c.RepositoryConfigurationDelegate : Finished Spring Data repository scanning in 14ms. Found 0 Redis repository interfaces.
2023-04-25 11:07:46.235  INFO 17716 --- [main] o.s.b.w.embedded.tomcat.TomcatWebServer  : Tomcat initialized with port(s): 8088 (http)
2023-04-25 11:07:46.239  INFO 17716 --- [main] o.apache.catalina.core.StandardService   : Starting service [Tomcat]
2023-04-25 11:07:46.239  INFO 17716 --- [main] org.apache.catalina.core.StandardEngine  : Starting Servlet engine: [Apache Tomcat/9.0.31]
2023-04-25 11:07:46.304  INFO 17716 --- [main] o.a.c.c.C.[Tomcat].[localhost].[/]       : Initializing Spring embedded WebApplicationContext
2023-04-25 11:07:46.305  INFO 17716 --- [main] o.s.web.context.ContextLoader            : Root WebApplicationContext: initialization completed in 770 ms
2023-04-25 11:07:46.519  INFO 17716 --- [main] c.a.d.s.b.a.DruidDataSourceAutoConfigure : Init DruidDataSource
2023-04-25 11:07:46.846  INFO 17716 --- [main] com.alibaba.druid.pool.DruidDataSource   : {dataSource-1} inited
2023-04-25 11:07:47.685  INFO 17716 --- [main] org.quartz.impl.StdSchedulerFactory      : Using default implementation for ThreadExecutor
2023-04-25 11:07:47.690  INFO 17716 --- [main] org.quartz.core.SchedulerSignalerImpl    : Initialized Scheduler Signaller of type: class org.quartz.core.SchedulerSignalerImpl
2023-04-25 11:07:47.690  INFO 17716 --- [main] org.quartz.core.QuartzScheduler          : Quartz Scheduler v.2.3.2 created.
2023-04-25 11:07:47.690  INFO 17716 --- [main] org.quartz.simpl.RAMJobStore             : RAMJobStore initialized.
2023-04-25 11:07:47.690  INFO 17716 --- [main] org.quartz.core.QuartzScheduler          : Scheduler meta-data: Quartz Scheduler (v2.3.2) 'quartzScheduler' with instanceId 'NON_CLUSTERED'
  Scheduler class: 'org.quartz.core.QuartzScheduler' - running locally.
  NOT STARTED.
  Currently in standby mode.
  Number of jobs executed: 0
  Using thread pool 'org.quartz.simpl.SimpleThreadPool' - with 10 threads.
  Using job-store 'org.quartz.simpl.RAMJobStore' - which does not support persistence. and is not clustered.

2023-04-25 11:07:47.691  INFO 17716 --- [main] org.quartz.impl.StdSchedulerFactory      : Quartz scheduler 'quartzScheduler' initialized from an externally provided properties instance.
2023-04-25 11:07:47.691  INFO 17716 --- [main] org.quartz.impl.StdSchedulerFactory      : Quartz scheduler version: 2.3.2
2023-04-25 11:07:47.691  INFO 17716 --- [main] org.quartz.core.QuartzScheduler          : JobFactory set to: org.springframework.scheduling.quartz.SpringBeanJobFactory@7159d601
2023-04-25 11:07:47.736  INFO 17716 --- [main] io.lettuce.core.EpollProvider            : Starting without optional epoll library
2023-04-25 11:07:47.737  INFO 17716 --- [main] io.lettuce.core.KqueueProvider           : Starting without optional kqueue library
2023-04-25 11:07:48.094  INFO 17716 --- [main] o.s.a.r.c.CachingConnectionFactory       : Attempting to connect to: [192.168.10.132:5672]
2023-04-25 11:07:48.110  INFO 17716 --- [main] o.s.a.r.c.CachingConnectionFactory       : Created new connection: rabbitConnectionFactory#ef718de:0/SimpleConnection@5c25d0d1 [delegate=amqp://root@192.168.10.132:5672/, localPort= 1327]
2023-04-25 11:07:48.138  INFO 17716 --- [main] o.s.s.quartz.SchedulerFactoryBean        : Starting Quartz Scheduler now
2023-04-25 11:07:48.138  INFO 17716 --- [main] org.quartz.core.QuartzScheduler          : Scheduler quartzScheduler_$_NON_CLUSTERED started.
2023-04-25 11:07:48.674  INFO 17716 --- [main] s.a.ScheduledAnnotationBeanPostProcessor : No TaskScheduler/ScheduledExecutorService bean found for scheduled processing
2023-04-25 11:07:48.689  INFO 17716 --- [main] o.s.b.w.embedded.tomcat.TomcatWebServer  : Tomcat started on port(s): 8088 (http) with context path ''
2023-04-25 11:07:54.735  INFO 17716 --- [http-nio-8088-exec-1] o.a.c.c.C.[Tomcat].[localhost].[/]       : Initializing Spring DispatcherServlet 'dispatcherServlet'
2023-04-25 11:07:54.735  INFO 17716 --- [http-nio-8088-exec-1] o.s.web.servlet.DispatcherServlet        : Initializing Servlet 'dispatcherServlet'
2023-04-25 11:07:54.738  INFO 17716 --- [http-nio-8088-exec-1] o.s.web.servlet.DispatcherServlet        : Completed initialization in 3 ms
2023-04-25 11:09:21.016 ERROR 17716 --- [http-nio-8088-exec-1] c.j.f.exception.GlobalExceptionHandler   : com.alibaba.fastjson.JSONException: parseLong error, field : 0
2023-04-25 11:22:09.697  WARN 3564 --- [background-preinit] o.s.h.c.j.Jackson2ObjectMapperBuilder    : For Jackson Kotlin classes support please add "com.fasterxml.jackson.module:jackson-module-kotlin" to the classpath
2023-04-25 11:22:10.057  INFO 3564 --- [main] .s.d.r.c.RepositoryConfigurationDelegate : Multiple Spring Data modules found, entering strict repository configuration mode!
2023-04-25 11:22:10.058  INFO 3564 --- [main] .s.d.r.c.RepositoryConfigurationDelegate : Bootstrapping Spring Data Redis repositories in DEFAULT mode.
2023-04-25 11:22:10.079  INFO 3564 --- [main] .s.d.r.c.RepositoryConfigurationDelegate : Finished Spring Data repository scanning in 13ms. Found 0 Redis repository interfaces.
2023-04-25 11:22:10.358  INFO 3564 --- [main] o.s.b.w.embedded.tomcat.TomcatWebServer  : Tomcat initialized with port(s): 8088 (http)
2023-04-25 11:22:10.361  INFO 3564 --- [main] o.apache.catalina.core.StandardService   : Starting service [Tomcat]
2023-04-25 11:22:10.363  INFO 3564 --- [main] org.apache.catalina.core.StandardEngine  : Starting Servlet engine: [Apache Tomcat/9.0.31]
2023-04-25 11:22:10.435  INFO 3564 --- [main] o.a.c.c.C.[Tomcat].[localhost].[/]       : Initializing Spring embedded WebApplicationContext
2023-04-25 11:22:10.436  INFO 3564 --- [main] o.s.web.context.ContextLoader            : Root WebApplicationContext: initialization completed in 765 ms
2023-04-25 11:22:10.662  INFO 3564 --- [main] c.a.d.s.b.a.DruidDataSourceAutoConfigure : Init DruidDataSource
2023-04-25 11:22:10.990  INFO 3564 --- [main] com.alibaba.druid.pool.DruidDataSource   : {dataSource-1} inited
2023-04-25 11:22:11.863  INFO 3564 --- [main] org.quartz.impl.StdSchedulerFactory      : Using default implementation for ThreadExecutor
2023-04-25 11:22:11.868  INFO 3564 --- [main] org.quartz.core.SchedulerSignalerImpl    : Initialized Scheduler Signaller of type: class org.quartz.core.SchedulerSignalerImpl
2023-04-25 11:22:11.869  INFO 3564 --- [main] org.quartz.core.QuartzScheduler          : Quartz Scheduler v.2.3.2 created.
2023-04-25 11:22:11.869  INFO 3564 --- [main] org.quartz.simpl.RAMJobStore             : RAMJobStore initialized.
2023-04-25 11:22:11.869  INFO 3564 --- [main] org.quartz.core.QuartzScheduler          : Scheduler meta-data: Quartz Scheduler (v2.3.2) 'quartzScheduler' with instanceId 'NON_CLUSTERED'
  Scheduler class: 'org.quartz.core.QuartzScheduler' - running locally.
  NOT STARTED.
  Currently in standby mode.
  Number of jobs executed: 0
  Using thread pool 'org.quartz.simpl.SimpleThreadPool' - with 10 threads.
  Using job-store 'org.quartz.simpl.RAMJobStore' - which does not support persistence. and is not clustered.

2023-04-25 11:22:11.869  INFO 3564 --- [main] org.quartz.impl.StdSchedulerFactory      : Quartz scheduler 'quartzScheduler' initialized from an externally provided properties instance.
2023-04-25 11:22:11.869  INFO 3564 --- [main] org.quartz.impl.StdSchedulerFactory      : Quartz scheduler version: 2.3.2
2023-04-25 11:22:11.870  INFO 3564 --- [main] org.quartz.core.QuartzScheduler          : JobFactory set to: org.springframework.scheduling.quartz.SpringBeanJobFactory@61a87366
2023-04-25 11:22:11.918  INFO 3564 --- [main] io.lettuce.core.EpollProvider            : Starting without optional epoll library
2023-04-25 11:22:11.919  INFO 3564 --- [main] io.lettuce.core.KqueueProvider           : Starting without optional kqueue library
2023-04-25 11:22:12.275  INFO 3564 --- [main] o.s.a.r.c.CachingConnectionFactory       : Attempting to connect to: [192.168.10.132:5672]
2023-04-25 11:22:12.293  INFO 3564 --- [main] o.s.a.r.c.CachingConnectionFactory       : Created new connection: rabbitConnectionFactory#d499c13:0/SimpleConnection@3b39e79b [delegate=amqp://root@192.168.10.132:5672/, localPort= 2923]
2023-04-25 11:22:12.323  INFO 3564 --- [main] o.s.s.quartz.SchedulerFactoryBean        : Starting Quartz Scheduler now
2023-04-25 11:22:12.324  INFO 3564 --- [main] org.quartz.core.QuartzScheduler          : Scheduler quartzScheduler_$_NON_CLUSTERED started.
2023-04-25 11:22:12.860  INFO 3564 --- [main] s.a.ScheduledAnnotationBeanPostProcessor : No TaskScheduler/ScheduledExecutorService bean found for scheduled processing
2023-04-25 11:22:12.875  INFO 3564 --- [main] o.s.b.w.embedded.tomcat.TomcatWebServer  : Tomcat started on port(s): 8088 (http) with context path ''
2023-04-25 11:22:19.455  INFO 3564 --- [http-nio-8088-exec-3] o.a.c.c.C.[Tomcat].[localhost].[/]       : Initializing Spring DispatcherServlet 'dispatcherServlet'
2023-04-25 11:22:19.455  INFO 3564 --- [http-nio-8088-exec-3] o.s.web.servlet.DispatcherServlet        : Initializing Servlet 'dispatcherServlet'
2023-04-25 11:22:19.459  INFO 3564 --- [http-nio-8088-exec-3] o.s.web.servlet.DispatcherServlet        : Completed initialization in 4 ms
2023-04-25 14:11:47.724  WARN 13696 --- [background-preinit] o.s.h.c.j.Jackson2ObjectMapperBuilder    : For Jackson Kotlin classes support please add "com.fasterxml.jackson.module:jackson-module-kotlin" to the classpath
2023-04-25 14:11:48.361  INFO 13696 --- [main] .s.d.r.c.RepositoryConfigurationDelegate : Multiple Spring Data modules found, entering strict repository configuration mode!
2023-04-25 14:11:48.364  INFO 13696 --- [main] .s.d.r.c.RepositoryConfigurationDelegate : Bootstrapping Spring Data Redis repositories in DEFAULT mode.
2023-04-25 14:11:48.406  INFO 13696 --- [main] .s.d.r.c.RepositoryConfigurationDelegate : Finished Spring Data repository scanning in 26ms. Found 0 Redis repository interfaces.
2023-04-25 14:11:48.882  INFO 13696 --- [main] o.s.b.w.embedded.tomcat.TomcatWebServer  : Tomcat initialized with port(s): 8088 (http)
2023-04-25 14:11:48.887  INFO 13696 --- [main] o.apache.catalina.core.StandardService   : Starting service [Tomcat]
2023-04-25 14:11:48.887  INFO 13696 --- [main] org.apache.catalina.core.StandardEngine  : Starting Servlet engine: [Apache Tomcat/9.0.31]
2023-04-25 14:11:48.978  INFO 13696 --- [main] o.a.c.c.C.[Tomcat].[localhost].[/]       : Initializing Spring embedded WebApplicationContext
2023-04-25 14:11:48.978  INFO 13696 --- [main] o.s.web.context.ContextLoader            : Root WebApplicationContext: initialization completed in 1299 ms
2023-04-25 14:11:49.343  INFO 13696 --- [main] c.a.d.s.b.a.DruidDataSourceAutoConfigure : Init DruidDataSource
2023-04-25 14:11:49.858  INFO 13696 --- [main] com.alibaba.druid.pool.DruidDataSource   : {dataSource-1} inited
2023-04-25 14:11:51.165  INFO 13696 --- [main] org.quartz.impl.StdSchedulerFactory      : Using default implementation for ThreadExecutor
2023-04-25 14:11:51.173  INFO 13696 --- [main] org.quartz.core.SchedulerSignalerImpl    : Initialized Scheduler Signaller of type: class org.quartz.core.SchedulerSignalerImpl
2023-04-25 14:11:51.174  INFO 13696 --- [main] org.quartz.core.QuartzScheduler          : Quartz Scheduler v.2.3.2 created.
2023-04-25 14:11:51.174  INFO 13696 --- [main] org.quartz.simpl.RAMJobStore             : RAMJobStore initialized.
2023-04-25 14:11:51.174  INFO 13696 --- [main] org.quartz.core.QuartzScheduler          : Scheduler meta-data: Quartz Scheduler (v2.3.2) 'quartzScheduler' with instanceId 'NON_CLUSTERED'
  Scheduler class: 'org.quartz.core.QuartzScheduler' - running locally.
  NOT STARTED.
  Currently in standby mode.
  Number of jobs executed: 0
  Using thread pool 'org.quartz.simpl.SimpleThreadPool' - with 10 threads.
  Using job-store 'org.quartz.simpl.RAMJobStore' - which does not support persistence. and is not clustered.

2023-04-25 14:11:51.175  INFO 13696 --- [main] org.quartz.impl.StdSchedulerFactory      : Quartz scheduler 'quartzScheduler' initialized from an externally provided properties instance.
2023-04-25 14:11:51.175  INFO 13696 --- [main] org.quartz.impl.StdSchedulerFactory      : Quartz scheduler version: 2.3.2
2023-04-25 14:11:51.175  INFO 13696 --- [main] org.quartz.core.QuartzScheduler          : JobFactory set to: org.springframework.scheduling.quartz.SpringBeanJobFactory@799f354a
2023-04-25 14:11:51.253  INFO 13696 --- [main] io.lettuce.core.EpollProvider            : Starting without optional epoll library
2023-04-25 14:11:51.253  INFO 13696 --- [main] io.lettuce.core.KqueueProvider           : Starting without optional kqueue library
2023-04-25 14:11:51.749  INFO 13696 --- [main] o.s.a.r.c.CachingConnectionFactory       : Attempting to connect to: [192.168.10.132:5672]
2023-04-25 14:11:51.773  INFO 13696 --- [main] o.s.a.r.c.CachingConnectionFactory       : Created new connection: rabbitConnectionFactory#6c184d4d:0/SimpleConnection@60a01cb [delegate=amqp://root@192.168.10.132:5672/, localPort= 2485]
2023-04-25 14:11:51.822  INFO 13696 --- [main] o.s.s.quartz.SchedulerFactoryBean        : Starting Quartz Scheduler now
2023-04-25 14:11:51.822  INFO 13696 --- [main] org.quartz.core.QuartzScheduler          : Scheduler quartzScheduler_$_NON_CLUSTERED started.
2023-04-25 14:11:52.365  INFO 13696 --- [main] s.a.ScheduledAnnotationBeanPostProcessor : No TaskScheduler/ScheduledExecutorService bean found for scheduled processing
2023-04-25 14:11:52.381  INFO 13696 --- [main] o.s.b.w.embedded.tomcat.TomcatWebServer  : Tomcat started on port(s): 8088 (http) with context path ''
2023-04-25 14:12:45.400  INFO 13696 --- [http-nio-8088-exec-1] o.a.c.c.C.[Tomcat].[localhost].[/]       : Initializing Spring DispatcherServlet 'dispatcherServlet'
2023-04-25 14:12:45.400  INFO 13696 --- [http-nio-8088-exec-1] o.s.web.servlet.DispatcherServlet        : Initializing Servlet 'dispatcherServlet'
2023-04-25 14:12:45.410  INFO 13696 --- [http-nio-8088-exec-1] o.s.web.servlet.DispatcherServlet        : Completed initialization in 10 ms
